This is XeTeX, Version 3.14159265-2.6-0.99999 (TeX Live 2018) (preloaded format=xelatex 2018.4.16)  21 SEP 2018 12:31
entering extended mode
 restricted \write18 enabled.
 %&-line parsing enabled.
**Untitled.tex
(./Untitled.tex
LaTeX2e <2018-04-01> patch level 2
Babel <3.18> and hyphenation patterns for 84 language(s) loaded.
(/usr/local/texlive/2018/texmf-dist/tex/latex/beamer/beamer.cls
Document Class: beamer 2018/09/20 v3.54 A class for typesetting presentations
(/usr/local/texlive/2018/texmf-dist/tex/latex/beamer/beamerbasemodes.sty
(/usr/local/texlive/2018/texmf-dist/tex/latex/etoolbox/etoolbox.sty
Package: etoolbox 2018/08/19 v2.5f e-TeX tools for LaTeX (JAW)
\etb@tempcnta=\count80
)
\beamer@tempbox=\box26
\beamer@tempcount=\count81
\c@beamerpauses=\count82

(/usr/local/texlive/2018/texmf-dist/tex/latex/beamer/beamerbasedecode.sty
\beamer@slideinframe=\count83
\beamer@minimum=\count84
)
\beamer@commentbox=\box27
\beamer@modecount=\count85
)
(/usr/local/texlive/2018/texmf-dist/tex/generic/oberdiek/ifpdf.sty
Package: ifpdf 2018/09/07 v3.3 Provides the ifpdf switch
)
\headdp=\dimen102
\footheight=\dimen103
\sidebarheight=\dimen104
\beamer@tempdim=\dimen105
\beamer@finalheight=\dimen106
\beamer@animht=\dimen107
\beamer@animdp=\dimen108
\beamer@animwd=\dimen109
\beamer@leftmargin=\dimen110
\beamer@rightmargin=\dimen111
\beamer@leftsidebar=\dimen112
\beamer@rightsidebar=\dimen113
\beamer@boxsize=\dimen114
\beamer@vboxoffset=\dimen115
\beamer@descdefault=\dimen116
\beamer@descriptionwidth=\dimen117
\beamer@lastskip=\skip41
\beamer@areabox=\box28
\beamer@animcurrent=\box29
\beamer@animshowbox=\box30
\beamer@sectionbox=\box31
\beamer@logobox=\box32
\beamer@linebox=\box33
\beamer@sectioncount=\count86
\beamer@subsubsectionmax=\count87
\beamer@subsectionmax=\count88
\beamer@sectionmax=\count89
\beamer@totalheads=\count90
\beamer@headcounter=\count91
\beamer@partstartpage=\count92
\beamer@sectionstartpage=\count93
\beamer@subsectionstartpage=\count94
\beamer@animationtempa=\count95
\beamer@animationtempb=\count96
\beamer@xpos=\count97
\beamer@ypos=\count98
\beamer@ypos@offset=\count99
\beamer@showpartnumber=\count100
\beamer@currentsubsection=\count101
\beamer@coveringdepth=\count102
\beamer@sectionadjust=\count103
\beamer@tocsectionnumber=\count104

(/usr/local/texlive/2018/texmf-dist/tex/latex/beamer/beamerbaseoptions.sty
(/usr/local/texlive/2018/texmf-dist/tex/latex/graphics/keyval.sty
Package: keyval 2014/10/28 v1.15 key=value parser (DPC)
\KV@toks@=\toks14
))
\beamer@paperwidth=\skip42
\beamer@paperheight=\skip43

(/usr/local/texlive/2018/texmf-dist/tex/latex/geometry/geometry.sty
Package: geometry 2018/04/16 v5.8 Page Geometry

(/usr/local/texlive/2018/texmf-dist/tex/generic/oberdiek/ifvtex.sty
Package: ifvtex 2016/05/16 v1.6 Detect VTeX and its facilities (HO)
Package ifvtex Info: VTeX not detected.
)
(/usr/local/texlive/2018/texmf-dist/tex/generic/ifxetex/ifxetex.sty
Package: ifxetex 2010/09/12 v0.6 Provides ifxetex conditional
)
\Gm@cnth=\count105
\Gm@cntv=\count106
\c@Gm@tempcnt=\count107
\Gm@bindingoffset=\dimen118
\Gm@wd@mp=\dimen119
\Gm@odd@mp=\dimen120
\Gm@even@mp=\dimen121
\Gm@layoutwidth=\dimen122
\Gm@layoutheight=\dimen123
\Gm@layouthoffset=\dimen124
\Gm@layoutvoffset=\dimen125
\Gm@dimlist=\toks15
)
(/usr/local/texlive/2018/texmf-dist/tex/latex/base/size11.clo
File: size11.clo 2014/09/29 v1.4h Standard LaTeX file (size option)
)
(/usr/local/texlive/2018/texmf-dist/tex/latex/pgf/basiclayer/pgfcore.sty
(/usr/local/texlive/2018/texmf-dist/tex/latex/graphics/graphicx.sty
Package: graphicx 2017/06/01 v1.1a Enhanced LaTeX Graphics (DPC,SPQR)

(/usr/local/texlive/2018/texmf-dist/tex/latex/graphics/graphics.sty
Package: graphics 2017/06/25 v1.2c Standard LaTeX Graphics (DPC,SPQR)

(/usr/local/texlive/2018/texmf-dist/tex/latex/graphics/trig.sty
Package: trig 2016/01/03 v1.10 sin cos tan (DPC)
)
(/usr/local/texlive/2018/texmf-dist/tex/latex/graphics-cfg/graphics.cfg
File: graphics.cfg 2016/06/04 v1.11 sample graphics configuration
)
Package graphics Info: Driver file: xetex.def on input line 99.

(/usr/local/texlive/2018/texmf-dist/tex/latex/graphics-def/xetex.def
File: xetex.def 2017/06/24 v5.0h Graphics/color driver for xetex
))
\Gin@req@height=\dimen126
\Gin@req@width=\dimen127
)
(/usr/local/texlive/2018/texmf-dist/tex/latex/pgf/systemlayer/pgfsys.sty
(/usr/local/texlive/2018/texmf-dist/tex/latex/pgf/utilities/pgfrcs.sty
(/usr/local/texlive/2018/texmf-dist/tex/generic/pgf/utilities/pgfutil-common.te
x
\pgfutil@everybye=\toks16
\pgfutil@tempdima=\dimen128
\pgfutil@tempdimb=\dimen129

(/usr/local/texlive/2018/texmf-dist/tex/generic/pgf/utilities/pgfutil-common-li
sts.tex))
(/usr/local/texlive/2018/texmf-dist/tex/generic/pgf/utilities/pgfutil-latex.def
\pgfutil@abb=\box34
(/usr/local/texlive/2018/texmf-dist/tex/latex/ms/everyshi.sty
Package: everyshi 2001/05/15 v3.00 EveryShipout Package (MS)
))
(/usr/local/texlive/2018/texmf-dist/tex/generic/pgf/utilities/pgfrcs.code.tex
Package: pgfrcs 2015/08/07 v3.0.1a (rcs-revision 1.31)
))
(/usr/local/texlive/2018/texmf-dist/tex/generic/pgf/systemlayer/pgfsys.code.tex
Package: pgfsys 2014/07/09 v3.0.1a (rcs-revision 1.48)
(/usr/local/texlive/2018/texmf-dist/tex/generic/pgf/utilities/pgfkeys.code.tex
\pgfkeys@pathtoks=\toks17
\pgfkeys@temptoks=\toks18

(/usr/local/texlive/2018/texmf-dist/tex/generic/pgf/utilities/pgfkeysfiltered.c
ode.tex
\pgfkeys@tmptoks=\toks19
))
\pgf@x=\dimen130
\pgf@y=\dimen131
\pgf@xa=\dimen132
\pgf@ya=\dimen133
\pgf@xb=\dimen134
\pgf@yb=\dimen135
\pgf@xc=\dimen136
\pgf@yc=\dimen137
\w@pgf@writea=\write3
\r@pgf@reada=\read1
\c@pgf@counta=\count108
\c@pgf@countb=\count109
\c@pgf@countc=\count110
\c@pgf@countd=\count111
\t@pgf@toka=\toks20
\t@pgf@tokb=\toks21
\t@pgf@tokc=\toks22

(/usr/local/texlive/2018/texmf-dist/tex/generic/pgf/systemlayer/pgf.cfg
File: pgf.cfg 2008/05/14  (rcs-revision 1.7)
)
Driver file for pgf: pgfsys-xetex.def

(/usr/local/texlive/2018/texmf-dist/tex/generic/pgf/systemlayer/pgfsys-xetex.de
f
File: pgfsys-xetex.def 2014/07/09  (rcs-revision 1.11)

(/usr/local/texlive/2018/texmf-dist/tex/generic/pgf/systemlayer/pgfsys-dvipdfmx
.def
File: pgfsys-dvipdfmx.def 2014/07/09  (rcs-revision 1.14)

(/usr/local/texlive/2018/texmf-dist/tex/generic/pgf/systemlayer/pgfsys-common-p
df.def
File: pgfsys-common-pdf.def 2013/10/10  (rcs-revision 1.13)
)
\pgfsys@objnum=\count112
)))
(/usr/local/texlive/2018/texmf-dist/tex/generic/pgf/systemlayer/pgfsyssoftpath.
code.tex
File: pgfsyssoftpath.code.tex 2013/09/09  (rcs-revision 1.9)
\pgfsyssoftpath@smallbuffer@items=\count113
\pgfsyssoftpath@bigbuffer@items=\count114
)
(/usr/local/texlive/2018/texmf-dist/tex/generic/pgf/systemlayer/pgfsysprotocol.
code.tex
File: pgfsysprotocol.code.tex 2006/10/16  (rcs-revision 1.4)
)) (/usr/local/texlive/2018/texmf-dist/tex/latex/xcolor/xcolor.sty
Package: xcolor 2016/05/11 v2.12 LaTeX color extensions (UK)

(/usr/local/texlive/2018/texmf-dist/tex/latex/graphics-cfg/color.cfg
File: color.cfg 2016/01/02 v1.6 sample color configuration
)
Package xcolor Info: Driver file: xetex.def on input line 225.
Package xcolor Info: Model `cmy' substituted by `cmy0' on input line 1348.
Package xcolor Info: Model `RGB' extended on input line 1364.
Package xcolor Info: Model `HTML' substituted by `rgb' on input line 1366.
Package xcolor Info: Model `Hsb' substituted by `hsb' on input line 1367.
Package xcolor Info: Model `tHsb' substituted by `hsb' on input line 1368.
Package xcolor Info: Model `HSB' substituted by `hsb' on input line 1369.
Package xcolor Info: Model `Gray' substituted by `gray' on input line 1370.
Package xcolor Info: Model `wave' substituted by `hsb' on input line 1371.
)
(/usr/local/texlive/2018/texmf-dist/tex/generic/pgf/basiclayer/pgfcore.code.tex
Package: pgfcore 2010/04/11 v3.0.1a (rcs-revision 1.7)
(/usr/local/texlive/2018/texmf-dist/tex/generic/pgf/math/pgfmath.code.tex
(/usr/local/texlive/2018/texmf-dist/tex/generic/pgf/math/pgfmathcalc.code.tex
(/usr/local/texlive/2018/texmf-dist/tex/generic/pgf/math/pgfmathutil.code.tex)
(/usr/local/texlive/2018/texmf-dist/tex/generic/pgf/math/pgfmathparser.code.tex
\pgfmath@dimen=\dimen138
\pgfmath@count=\count115
\pgfmath@box=\box35
\pgfmath@toks=\toks23
\pgfmath@stack@operand=\toks24
\pgfmath@stack@operation=\toks25
)
(/usr/local/texlive/2018/texmf-dist/tex/generic/pgf/math/pgfmathfunctions.code.
tex
(/usr/local/texlive/2018/texmf-dist/tex/generic/pgf/math/pgfmathfunctions.basic
.code.tex)
(/usr/local/texlive/2018/texmf-dist/tex/generic/pgf/math/pgfmathfunctions.trigo
nometric.code.tex)
(/usr/local/texlive/2018/texmf-dist/tex/generic/pgf/math/pgfmathfunctions.rando
m.code.tex)
(/usr/local/texlive/2018/texmf-dist/tex/generic/pgf/math/pgfmathfunctions.compa
rison.code.tex)
(/usr/local/texlive/2018/texmf-dist/tex/generic/pgf/math/pgfmathfunctions.base.
code.tex)
(/usr/local/texlive/2018/texmf-dist/tex/generic/pgf/math/pgfmathfunctions.round
.code.tex)
(/usr/local/texlive/2018/texmf-dist/tex/generic/pgf/math/pgfmathfunctions.misc.
code.tex)
(/usr/local/texlive/2018/texmf-dist/tex/generic/pgf/math/pgfmathfunctions.integ
erarithmetics.code.tex)))
(/usr/local/texlive/2018/texmf-dist/tex/generic/pgf/math/pgfmathfloat.code.tex
\c@pgfmathroundto@lastzeros=\count116
))
(/usr/local/texlive/2018/texmf-dist/tex/generic/pgf/basiclayer/pgfcorepoints.co
de.tex
File: pgfcorepoints.code.tex 2013/10/07  (rcs-revision 1.27)
\pgf@picminx=\dimen139
\pgf@picmaxx=\dimen140
\pgf@picminy=\dimen141
\pgf@picmaxy=\dimen142
\pgf@pathminx=\dimen143
\pgf@pathmaxx=\dimen144
\pgf@pathminy=\dimen145
\pgf@pathmaxy=\dimen146
\pgf@xx=\dimen147
\pgf@xy=\dimen148
\pgf@yx=\dimen149
\pgf@yy=\dimen150
\pgf@zx=\dimen151
\pgf@zy=\dimen152
)
(/usr/local/texlive/2018/texmf-dist/tex/generic/pgf/basiclayer/pgfcorepathconst
ruct.code.tex
File: pgfcorepathconstruct.code.tex 2013/10/07  (rcs-revision 1.29)
\pgf@path@lastx=\dimen153
\pgf@path@lasty=\dimen154
)
(/usr/local/texlive/2018/texmf-dist/tex/generic/pgf/basiclayer/pgfcorepathusage
.code.tex
File: pgfcorepathusage.code.tex 2014/11/02  (rcs-revision 1.24)
\pgf@shorten@end@additional=\dimen155
\pgf@shorten@start@additional=\dimen156
)
(/usr/local/texlive/2018/texmf-dist/tex/generic/pgf/basiclayer/pgfcorescopes.co
de.tex
File: pgfcorescopes.code.tex 2015/05/08  (rcs-revision 1.46)
\pgfpic=\box36
\pgf@hbox=\box37
\pgf@layerbox@main=\box38
\pgf@picture@serial@count=\count117
)
(/usr/local/texlive/2018/texmf-dist/tex/generic/pgf/basiclayer/pgfcoregraphicst
ate.code.tex
File: pgfcoregraphicstate.code.tex 2014/11/02  (rcs-revision 1.12)
\pgflinewidth=\dimen157
)
(/usr/local/texlive/2018/texmf-dist/tex/generic/pgf/basiclayer/pgfcoretransform
ations.code.tex
File: pgfcoretransformations.code.tex 2015/08/07  (rcs-revision 1.20)
\pgf@pt@x=\dimen158
\pgf@pt@y=\dimen159
\pgf@pt@temp=\dimen160
)
(/usr/local/texlive/2018/texmf-dist/tex/generic/pgf/basiclayer/pgfcorequick.cod
e.tex
File: pgfcorequick.code.tex 2008/10/09  (rcs-revision 1.3)
)
(/usr/local/texlive/2018/texmf-dist/tex/generic/pgf/basiclayer/pgfcoreobjects.c
ode.tex
File: pgfcoreobjects.code.tex 2006/10/11  (rcs-revision 1.2)
)
(/usr/local/texlive/2018/texmf-dist/tex/generic/pgf/basiclayer/pgfcorepathproce
ssing.code.tex
File: pgfcorepathprocessing.code.tex 2013/09/09  (rcs-revision 1.9)
)
(/usr/local/texlive/2018/texmf-dist/tex/generic/pgf/basiclayer/pgfcorearrows.co
de.tex
File: pgfcorearrows.code.tex 2015/05/14  (rcs-revision 1.43)
\pgfarrowsep=\dimen161
)
(/usr/local/texlive/2018/texmf-dist/tex/generic/pgf/basiclayer/pgfcoreshade.cod
e.tex
File: pgfcoreshade.code.tex 2013/07/15  (rcs-revision 1.15)
\pgf@max=\dimen162
\pgf@sys@shading@range@num=\count118
)
(/usr/local/texlive/2018/texmf-dist/tex/generic/pgf/basiclayer/pgfcoreimage.cod
e.tex
File: pgfcoreimage.code.tex 2013/07/15  (rcs-revision 1.18)

(/usr/local/texlive/2018/texmf-dist/tex/generic/pgf/basiclayer/pgfcoreexternal.
code.tex
File: pgfcoreexternal.code.tex 2014/07/09  (rcs-revision 1.21)
\pgfexternal@startupbox=\box39
))
(/usr/local/texlive/2018/texmf-dist/tex/generic/pgf/basiclayer/pgfcorelayers.co
de.tex
File: pgfcorelayers.code.tex 2013/07/18  (rcs-revision 1.7)
)
(/usr/local/texlive/2018/texmf-dist/tex/generic/pgf/basiclayer/pgfcoretranspare
ncy.code.tex
File: pgfcoretransparency.code.tex 2013/09/30  (rcs-revision 1.5)
)
(/usr/local/texlive/2018/texmf-dist/tex/generic/pgf/basiclayer/pgfcorepatterns.
code.tex
File: pgfcorepatterns.code.tex 2013/11/07  (rcs-revision 1.5)
)))
(/usr/local/texlive/2018/texmf-dist/tex/latex/pgf/utilities/xxcolor.sty
Package: xxcolor 2003/10/24 ver 0.1
\XC@nummixins=\count119
\XC@countmixins=\count120
)
(/usr/local/texlive/2018/texmf-dist/tex/generic/oberdiek/atbegshi.sty
Package: atbegshi 2016/06/09 v1.18 At begin shipout hook (HO)

(/usr/local/texlive/2018/texmf-dist/tex/generic/oberdiek/infwarerr.sty
Package: infwarerr 2016/05/16 v1.4 Providing info/warning/error messages (HO)
)
(/usr/local/texlive/2018/texmf-dist/tex/generic/oberdiek/ltxcmds.sty
Package: ltxcmds 2016/05/16 v1.23 LaTeX kernel commands for general use (HO)
))
(/usr/local/texlive/2018/texmf-dist/tex/latex/hyperref/hyperref.sty
Package: hyperref 2018/02/06 v6.86b Hypertext links for LaTeX

(/usr/local/texlive/2018/texmf-dist/tex/generic/oberdiek/hobsub-hyperref.sty
Package: hobsub-hyperref 2016/05/16 v1.14 Bundle oberdiek, subset hyperref (HO)


(/usr/local/texlive/2018/texmf-dist/tex/generic/oberdiek/hobsub-generic.sty
Package: hobsub-generic 2016/05/16 v1.14 Bundle oberdiek, subset generic (HO)
Package: hobsub 2016/05/16 v1.14 Construct package bundles (HO)
Package hobsub Info: Skipping package `infwarerr' (already loaded).
Package hobsub Info: Skipping package `ltxcmds' (already loaded).
Package: ifluatex 2016/05/16 v1.4 Provides the ifluatex switch (HO)
Package ifluatex Info: LuaTeX not detected.
Package hobsub Info: Skipping package `ifvtex' (already loaded).
Package: intcalc 2016/05/16 v1.2 Expandable calculations with integers (HO)
Package hobsub Info: Skipping package `ifpdf' (already loaded).
Package: etexcmds 2016/05/16 v1.6 Avoid name clashes with e-TeX commands (HO)
Package etexcmds Info: Could not find \expanded.
(etexcmds)             That can mean that you are not using pdfTeX 1.50 or
(etexcmds)             that some package has redefined \expanded.
(etexcmds)             In the latter case, load this package earlier.
Package: kvsetkeys 2016/05/16 v1.17 Key value parser (HO)
Package: kvdefinekeys 2016/05/16 v1.4 Define keys (HO)
Package: pdftexcmds 2018/09/10 v0.29 Utility functions of pdfTeX for LuaTeX (HO
)
Package pdftexcmds Info: LuaTeX not detected.
Package pdftexcmds Info: pdfTeX >= 1.30 not detected.
Package pdftexcmds Info: \pdf@primitive is available.
Package pdftexcmds Info: \pdf@ifprimitive is available.
Package pdftexcmds Info: \pdfdraftmode not found.
Package: pdfescape 2016/05/16 v1.14 Implements pdfTeX's escape features (HO)
Package: bigintcalc 2016/05/16 v1.4 Expandable calculations on big integers (HO
)
Package: bitset 2016/05/16 v1.2 Handle bit-vector datatype (HO)
Package: uniquecounter 2016/05/16 v1.3 Provide unlimited unique counter (HO)
)
Package hobsub Info: Skipping package `hobsub' (already loaded).
Package: letltxmacro 2016/05/16 v1.5 Let assignment for LaTeX macros (HO)
Package: hopatch 2016/05/16 v1.3 Wrapper for package hooks (HO)
Package: xcolor-patch 2016/05/16 xcolor patch
Package: atveryend 2016/05/16 v1.9 Hooks at the very end of document (HO)
Package hobsub Info: Skipping package `atbegshi' (already loaded).
Package: refcount 2016/05/16 v3.5 Data extraction from label references (HO)
Package: hycolor 2016/05/16 v1.8 Color options for hyperref/bookmark (HO)
)
(/usr/local/texlive/2018/texmf-dist/tex/latex/oberdiek/auxhook.sty
Package: auxhook 2016/05/16 v1.4 Hooks for auxiliary files (HO)
)
(/usr/local/texlive/2018/texmf-dist/tex/latex/oberdiek/kvoptions.sty
Package: kvoptions 2016/05/16 v3.12 Key value format for package options (HO)
)
\@linkdim=\dimen163
\Hy@linkcounter=\count121
\Hy@pagecounter=\count122

(/usr/local/texlive/2018/texmf-dist/tex/latex/hyperref/pd1enc.def
File: pd1enc.def 2018/02/06 v6.86b Hyperref: PDFDocEncoding definition (HO)
)
\Hy@SavedSpaceFactor=\count123

(/usr/local/texlive/2018/texmf-dist/tex/latex/latexconfig/hyperref.cfg
File: hyperref.cfg 2002/06/06 v1.2 hyperref configuration of TeXLive
)
Package hyperref Info: Option `bookmarks' set `true' on input line 4383.
Package hyperref Info: Option `bookmarksopen' set `true' on input line 4383.
Package hyperref Info: Option `implicit' set `false' on input line 4383.
Package hyperref Info: Hyper figures OFF on input line 4509.
Package hyperref Info: Link nesting OFF on input line 4514.
Package hyperref Info: Hyper index ON on input line 4517.
Package hyperref Info: Plain pages OFF on input line 4524.
Package hyperref Info: Backreferencing OFF on input line 4529.
Package hyperref Info: Implicit mode OFF; no redefinition of LaTeX internals.
Package hyperref Info: Bookmarks ON on input line 4762.
\c@Hy@tempcnt=\count124

(/usr/local/texlive/2018/texmf-dist/tex/latex/url/url.sty
\Urlmuskip=\muskip10
Package: url 2013/09/16  ver 3.4  Verb mode for urls, etc.
)
LaTeX Info: Redefining \url on input line 5115.
\XeTeXLinkMargin=\dimen164
\Fld@menulength=\count125
\Field@Width=\dimen165
\Fld@charsize=\dimen166
Package hyperref Info: Hyper figures OFF on input line 6369.
Package hyperref Info: Link nesting OFF on input line 6374.
Package hyperref Info: Hyper index ON on input line 6377.
Package hyperref Info: backreferencing OFF on input line 6384.
Package hyperref Info: Link coloring OFF on input line 6389.
Package hyperref Info: Link coloring with OCG OFF on input line 6394.
Package hyperref Info: PDF/A mode OFF on input line 6399.
LaTeX Info: Redefining \ref on input line 6439.
LaTeX Info: Redefining \pageref on input line 6443.
\Hy@abspage=\count126


Package hyperref Message: Stopped early.

)
Package hyperref Info: Driver (autodetected): hxetex.
 (/usr/local/texlive/2018/texmf-dist/tex/latex/hyperref/hxetex.def
File: hxetex.def 2018/02/06 v6.86b Hyperref driver for XeTeX

(/usr/local/texlive/2018/texmf-dist/tex/latex/hyperref/puenc.def
File: puenc.def 2018/02/06 v6.86b Hyperref: PDF Unicode definition (HO)
)
(/usr/local/texlive/2018/texmf-dist/tex/generic/oberdiek/stringenc.sty
Package: stringenc 2016/05/16 v1.11 Convert strings between diff. encodings (HO
)
)
\pdfm@box=\box40
\c@Hy@AnnotLevel=\count127
\HyField@AnnotCount=\count128
\Fld@listcount=\count129
\c@bookmark@seq@number=\count130

(/usr/local/texlive/2018/texmf-dist/tex/latex/oberdiek/rerunfilecheck.sty
Package: rerunfilecheck 2016/05/16 v1.8 Rerun checks for auxiliary files (HO)
Package uniquecounter Info: New unique counter `rerunfilecheck' on input line 2
82.
))
(/usr/local/texlive/2018/texmf-dist/tex/generic/oberdiek/se-ascii-print.def
File: se-ascii-print.def 2016/05/16 v1.11 stringenc: Printable ASCII characters

)
(/usr/local/texlive/2018/texmf-dist/tex/latex/beamer/beamerbaserequires.sty
(/usr/local/texlive/2018/texmf-dist/tex/latex/beamer/beamerbasecompatibility.st
y) (/usr/local/texlive/2018/texmf-dist/tex/latex/beamer/beamerbasefont.sty
(/usr/local/texlive/2018/texmf-dist/tex/latex/amsfonts/amssymb.sty
Package: amssymb 2013/01/14 v3.01 AMS font symbols

(/usr/local/texlive/2018/texmf-dist/tex/latex/amsfonts/amsfonts.sty
Package: amsfonts 2013/01/14 v3.01 Basic AMSFonts support
\@emptytoks=\toks26
\symAMSa=\mathgroup4
\symAMSb=\mathgroup5
LaTeX Font Info:    Overwriting math alphabet `\mathfrak' in version `bold'
(Font)                  U/euf/m/n --> U/euf/b/n on input line 106.
))
(/usr/local/texlive/2018/texmf-dist/tex/latex/sansmathaccent/sansmathaccent.sty
Package: sansmathaccent 2013/03/28
(/usr/local/texlive/2018/texmf-dist/tex/latex/filehook/filehook.sty
Package: filehook 2011/10/12 v0.5d Hooks for input files
)))
(/usr/local/texlive/2018/texmf-dist/tex/latex/beamer/beamerbasetranslator.sty
(/usr/local/texlive/2018/texmf-dist/tex/latex/translator/translator.sty
Package: translator 2018/01/04 v1.12 Easy translation of strings in LaTeX
))
(/usr/local/texlive/2018/texmf-dist/tex/latex/beamer/beamerbasemisc.sty)
(/usr/local/texlive/2018/texmf-dist/tex/latex/beamer/beamerbasetwoscreens.sty)
(/usr/local/texlive/2018/texmf-dist/tex/latex/beamer/beamerbaseoverlay.sty
\beamer@argscount=\count131
\beamer@lastskipcover=\skip44
\beamer@trivlistdepth=\count132
)
(/usr/local/texlive/2018/texmf-dist/tex/latex/beamer/beamerbasetitle.sty)
(/usr/local/texlive/2018/texmf-dist/tex/latex/beamer/beamerbasesection.sty
\c@lecture=\count133
\c@part=\count134
\c@section=\count135
\c@subsection=\count136
\c@subsubsection=\count137
)
(/usr/local/texlive/2018/texmf-dist/tex/latex/beamer/beamerbaseframe.sty
\beamer@framebox=\box41
\beamer@frametitlebox=\box42
\beamer@zoombox=\box43
\beamer@zoomcount=\count138
\beamer@zoomframecount=\count139
\beamer@frametextheight=\dimen167
\c@subsectionslide=\count140
\beamer@frametopskip=\skip45
\beamer@framebottomskip=\skip46
\beamer@frametopskipautobreak=\skip47
\beamer@framebottomskipautobreak=\skip48
\beamer@envbody=\toks27
\framewidth=\dimen168
\c@framenumber=\count141
)
(/usr/local/texlive/2018/texmf-dist/tex/latex/beamer/beamerbaseverbatim.sty
\beamer@verbatimfileout=\write4
)
(/usr/local/texlive/2018/texmf-dist/tex/latex/beamer/beamerbaseframesize.sty
\beamer@splitbox=\box44
\beamer@autobreakcount=\count142
\beamer@autobreaklastheight=\dimen169
\beamer@frametitletoks=\toks28
\beamer@framesubtitletoks=\toks29
)
(/usr/local/texlive/2018/texmf-dist/tex/latex/beamer/beamerbaseframecomponents.
sty
\beamer@footins=\box45
) (/usr/local/texlive/2018/texmf-dist/tex/latex/beamer/beamerbasecolor.sty)
(/usr/local/texlive/2018/texmf-dist/tex/latex/beamer/beamerbasenotes.sty
\beamer@frameboxcopy=\box46
)
(/usr/local/texlive/2018/texmf-dist/tex/latex/beamer/beamerbasetoc.sty)
(/usr/local/texlive/2018/texmf-dist/tex/latex/beamer/beamerbasetemplates.sty
\beamer@sbttoks=\toks30

(/usr/local/texlive/2018/texmf-dist/tex/latex/beamer/beamerbaseauxtemplates.sty
(/usr/local/texlive/2018/texmf-dist/tex/latex/beamer/beamerbaseboxes.sty
\bmb@box=\box47
\bmb@colorbox=\box48
\bmb@boxshadow=\box49
\bmb@boxshadowball=\box50
\bmb@boxshadowballlarge=\box51
\bmb@temp=\dimen170
\bmb@dima=\dimen171
\bmb@dimb=\dimen172
\bmb@prevheight=\dimen173
)
\beamer@blockheadheight=\dimen174
))
(/usr/local/texlive/2018/texmf-dist/tex/latex/beamer/beamerbaselocalstructure.s
ty (/usr/local/texlive/2018/texmf-dist/tex/latex/tools/enumerate.sty
Package: enumerate 2015/07/23 v3.00 enumerate extensions (DPC)
\@enLab=\toks31
)
\c@figure=\count143
\c@table=\count144
\abovecaptionskip=\skip49
\belowcaptionskip=\skip50
)
(/usr/local/texlive/2018/texmf-dist/tex/latex/beamer/beamerbasenavigation.sty
\beamer@section@min@dim=\dimen175
)
(/usr/local/texlive/2018/texmf-dist/tex/latex/beamer/beamerbasetheorems.sty
(/usr/local/texlive/2018/texmf-dist/tex/latex/amsmath/amsmath.sty
Package: amsmath 2017/09/02 v2.17a AMS math features
\@mathmargin=\skip51

For additional information on amsmath, use the `?' option.
(/usr/local/texlive/2018/texmf-dist/tex/latex/amsmath/amstext.sty
Package: amstext 2000/06/29 v2.01 AMS text

(/usr/local/texlive/2018/texmf-dist/tex/latex/amsmath/amsgen.sty
File: amsgen.sty 1999/11/30 v2.0 generic functions
\@emptytoks=\toks32
\ex@=\dimen176
))
(/usr/local/texlive/2018/texmf-dist/tex/latex/amsmath/amsbsy.sty
Package: amsbsy 1999/11/29 v1.2d Bold Symbols
\pmbraise@=\dimen177
)
(/usr/local/texlive/2018/texmf-dist/tex/latex/amsmath/amsopn.sty
Package: amsopn 2016/03/08 v2.02 operator names
)
\inf@bad=\count145
LaTeX Info: Redefining \frac on input line 213.
\uproot@=\count146
\leftroot@=\count147
LaTeX Info: Redefining \overline on input line 375.
\classnum@=\count148
\DOTSCASE@=\count149
LaTeX Info: Redefining \ldots on input line 472.
LaTeX Info: Redefining \dots on input line 475.
LaTeX Info: Redefining \cdots on input line 596.
\Mathstrutbox@=\box52
\strutbox@=\box53
\big@size=\dimen178
LaTeX Font Info:    Redeclaring font encoding OML on input line 712.
LaTeX Font Info:    Redeclaring font encoding OMS on input line 713.
\macc@depth=\count150
\c@MaxMatrixCols=\count151
\dotsspace@=\muskip11
\c@parentequation=\count152
\dspbrk@lvl=\count153
\tag@help=\toks33
\row@=\count154
\column@=\count155
\maxfields@=\count156
\andhelp@=\toks34
\eqnshift@=\dimen179
\alignsep@=\dimen180
\tagshift@=\dimen181
\tagwidth@=\dimen182
\totwidth@=\dimen183
\lineht@=\dimen184
\@envbody=\toks35
\multlinegap=\skip52
\multlinetaggap=\skip53
\mathdisplay@stack=\toks36
LaTeX Info: Redefining \[ on input line 2817.
LaTeX Info: Redefining \] on input line 2818.
)
(/usr/local/texlive/2018/texmf-dist/tex/latex/amscls/amsthm.sty
Package: amsthm 2017/10/31 v2.20.4
\thm@style=\toks37
\thm@bodyfont=\toks38
\thm@headfont=\toks39
\thm@notefont=\toks40
\thm@headpunct=\toks41
\thm@preskip=\skip54
\thm@postskip=\skip55
\thm@headsep=\skip56
\dth@everypar=\toks42
)
\c@theorem=\count157
)
(/usr/local/texlive/2018/texmf-dist/tex/latex/beamer/beamerbasethemes.sty))
(/usr/local/texlive/2018/texmf-dist/tex/latex/beamer/beamerthemedefault.sty
(/usr/local/texlive/2018/texmf-dist/tex/latex/beamer/beamerfontthemedefault.sty
)
(/usr/local/texlive/2018/texmf-dist/tex/latex/beamer/beamercolorthemedefault.st
y)
(/usr/local/texlive/2018/texmf-dist/tex/latex/beamer/beamerinnerthemedefault.st
y
\beamer@dima=\dimen185
\beamer@dimb=\dimen186
)
(/usr/local/texlive/2018/texmf-dist/tex/latex/beamer/beamerouterthemedefault.st
y))) (./config/presento.sty

LaTeX Warning: You have requested package `',
               but the package provides `config/presento'.

Package: config/presento 
(/usr/local/texlive/2018/texmf-dist/tex/latex/fontspec/fontspec.sty
(/usr/local/texlive/2018/texmf-dist/tex/latex/l3packages/xparse/xparse.sty
(/usr/local/texlive/2018/texmf-dist/tex/latex/l3kernel/expl3.sty
Package: expl3 2018-08-23 L3 programming layer (loader) 

(/usr/local/texlive/2018/texmf-dist/tex/latex/l3kernel/expl3-code.tex
Package: expl3 2018-08-23 L3 programming layer (code)
\c_max_int=\count158
\l_tmpa_int=\count159
\l_tmpb_int=\count160
\g_tmpa_int=\count161
\g_tmpb_int=\count162
\g__kernel_prg_map_int=\count163
\c_log_iow=\count164
\l_iow_line_count_int=\count165
\l__iow_line_target_int=\count166
\l__iow_one_indent_int=\count167
\l__iow_indent_int=\count168
\c_zero_dim=\dimen187
\c_max_dim=\dimen188
\l_tmpa_dim=\dimen189
\l_tmpb_dim=\dimen190
\g_tmpa_dim=\dimen191
\g_tmpb_dim=\dimen192
\c_zero_skip=\skip57
\c_max_skip=\skip58
\l_tmpa_skip=\skip59
\l_tmpb_skip=\skip60
\g_tmpa_skip=\skip61
\g_tmpb_skip=\skip62
\c_zero_muskip=\muskip12
\c_max_muskip=\muskip13
\l_tmpa_muskip=\muskip14
\l_tmpb_muskip=\muskip15
\g_tmpa_muskip=\muskip16
\g_tmpb_muskip=\muskip17
\l_keys_choice_int=\count169
\l__intarray_loop_int=\count170
\c__intarray_sp_dim=\dimen193
\g__intarray_font_int=\count171
\c__fp_leading_shift_int=\count172
\c__fp_middle_shift_int=\count173
\c__fp_trailing_shift_int=\count174
\c__fp_big_leading_shift_int=\count175
\c__fp_big_middle_shift_int=\count176
\c__fp_big_trailing_shift_int=\count177
\c__fp_Bigg_leading_shift_int=\count178
\c__fp_Bigg_middle_shift_int=\count179
\c__fp_Bigg_trailing_shift_int=\count180
\g__fp_array_int=\count181
\l__fp_array_loop_int=\count182
\l__sort_length_int=\count183
\l__sort_min_int=\count184
\l__sort_top_int=\count185
\l__sort_max_int=\count186
\l__sort_true_max_int=\count187
\l__sort_block_int=\count188
\l__sort_begin_int=\count189
\l__sort_end_int=\count190
\l__sort_A_int=\count191
\l__sort_B_int=\count192
\l__sort_C_int=\count193
\l__tl_analysis_normal_int=\count194
\l__tl_analysis_index_int=\count195
\l__tl_analysis_nesting_int=\count196
\l__tl_analysis_type_int=\count197
\l__regex_internal_a_int=\count198
\l__regex_internal_b_int=\count199
\l__regex_internal_c_int=\count266
\l__regex_balance_int=\count267
\l__regex_group_level_int=\count268
\l__regex_mode_int=\count269
\c__regex_cs_in_class_mode_int=\count270
\c__regex_cs_mode_int=\count271
\l__regex_catcodes_int=\count272
\l__regex_default_catcodes_int=\count273
\c__regex_catcode_L_int=\count274
\c__regex_catcode_O_int=\count275
\c__regex_catcode_A_int=\count276
\c__regex_all_catcodes_int=\count277
\l__regex_show_lines_int=\count278
\l__regex_min_state_int=\count279
\l__regex_max_state_int=\count280
\l__regex_left_state_int=\count281
\l__regex_right_state_int=\count282
\l__regex_capturing_group_int=\count283
\l__regex_min_pos_int=\count284
\l__regex_max_pos_int=\count285
\l__regex_curr_pos_int=\count286
\l__regex_start_pos_int=\count287
\l__regex_success_pos_int=\count288
\l__regex_curr_char_int=\count289
\l__regex_curr_catcode_int=\count290
\l__regex_last_char_int=\count291
\l__regex_case_changed_char_int=\count292
\l__regex_curr_state_int=\count293
\l__regex_step_int=\count294
\l__regex_min_active_int=\count295
\l__regex_max_active_int=\count296
\l__regex_replacement_csnames_int=\count297
\l__regex_match_count_int=\count298
\l__regex_min_submatch_int=\count299
\l__regex_submatch_int=\count300
\l__regex_zeroth_submatch_int=\count301
\g__regex_trace_regex_int=\count302
\c_empty_box=\box54
\l_tmpa_box=\box55
\l_tmpb_box=\box56
\g_tmpa_box=\box57
\g_tmpb_box=\box58
\l__box_top_dim=\dimen194
\l__box_bottom_dim=\dimen195
\l__box_left_dim=\dimen196
\l__box_right_dim=\dimen197
\l__box_top_new_dim=\dimen198
\l__box_bottom_new_dim=\dimen199
\l__box_left_new_dim=\dimen256
\l__box_right_new_dim=\dimen257
\l__box_internal_box=\box59
\l__coffin_internal_box=\box60
\l__coffin_internal_dim=\dimen258
\l__coffin_offset_x_dim=\dimen259
\l__coffin_offset_y_dim=\dimen260
\l__coffin_x_dim=\dimen261
\l__coffin_y_dim=\dimen262
\l__coffin_x_prime_dim=\dimen263
\l__coffin_y_prime_dim=\dimen264
\c_empty_coffin=\box61
\l__coffin_aligned_coffin=\box62
\l__coffin_aligned_internal_coffin=\box63
\l_tmpa_coffin=\box64
\l_tmpb_coffin=\box65
\l__coffin_display_coffin=\box66
\l__coffin_display_coord_coffin=\box67
\l__coffin_display_pole_coffin=\box68
\l__coffin_display_offset_dim=\dimen265
\l__coffin_display_x_dim=\dimen266
\l__coffin_display_y_dim=\dimen267
\g__file_internal_ior=\read2
\l__coffin_bounding_shift_dim=\dimen268
\l__coffin_left_corner_dim=\dimen269
\l__coffin_right_corner_dim=\dimen270
\l__coffin_bottom_corner_dim=\dimen271
\l__coffin_top_corner_dim=\dimen272
\l__coffin_scaled_total_height_dim=\dimen273
\l__coffin_scaled_width_dim=\dimen274
)
(/usr/local/texlive/2018/texmf-dist/tex/latex/l3kernel/l3xdvipdfmx.def
File: l3xdvidpfmx.def 2018-08-23 v L3 Experimental driver: xdvipdfmx
\g__driver_image_int=\count303
))
Package: xparse 2018-08-23 L3 Experimental document command parser
\l__xparse_current_arg_int=\count304
\g__xparse_grabber_int=\count305
\l__xparse_m_args_int=\count306
\l__xparse_mandatory_args_int=\count307
\l__xparse_v_nesting_int=\count308
)
Package: fontspec 2018/07/30 vv2.6h Font selection for XeLaTeX and LuaLaTeX

(/usr/local/texlive/2018/texmf-dist/tex/latex/fontspec/fontspec-xetex.sty
Package: fontspec-xetex 2018/07/30 vv2.6h Font selection for XeLaTeX and LuaLaT
eX
\l__fontspec_script_int=\count309
\l__fontspec_language_int=\count310
\l__fontspec_strnum_int=\count311
\l__fontspec_tmp_int=\count312
\l__fontspec_em_int=\count313
\l__fontspec_emdef_int=\count314
\l__fontspec_strong_int=\count315
\l__fontspec_strongdef_int=\count316
\l__fontspec_tmpa_dim=\dimen275
\l__fontspec_tmpb_dim=\dimen276
\l__fontspec_tmpc_dim=\dimen277

(/usr/local/texlive/2018/texmf-dist/tex/latex/base/fontenc.sty
Package: fontenc 2017/04/05 v2.0i Standard LaTeX package

(/usr/local/texlive/2018/texmf-dist/tex/latex/base/tuenc.def
File: tuenc.def 2017/04/05 v2.0i Standard LaTeX file
LaTeX Font Info:    Redeclaring font encoding TU on input line 82.
))
.................................................
. LaTeX info: "xparse/define-command"
. 
. Defining command \fontspec with sig. 'O{}mO{}' on line 561.
.................................................
.................................................
. LaTeX info: "xparse/define-command"
. 
. Defining command \setmainfont with sig. 'O{}mO{}' on line 566.
.................................................
.................................................
. LaTeX info: "xparse/define-command"
. 
. Defining command \setsansfont with sig. 'O{}mO{}' on line 571.
.................................................
.................................................
. LaTeX info: "xparse/define-command"
. 
. Defining command \setmonofont with sig. 'O{}mO{}' on line 576.
.................................................
.................................................
. LaTeX info: "xparse/define-command"
. 
. Defining command \setmathrm with sig. 'O{}mO{}' on line 580.
.................................................
.................................................
. LaTeX info: "xparse/define-command"
. 
. Defining command \setboldmathrm with sig. 'O{}mO{}' on line 584.
.................................................
.................................................
. LaTeX info: "xparse/define-command"
. 
. Defining command \setmathsf with sig. 'O{}mO{}' on line 588.
.................................................
.................................................
. LaTeX info: "xparse/define-command"
. 
. Defining command \setmathtt with sig. 'O{}mO{}' on line 592.
.................................................
.................................................
. LaTeX info: "xparse/define-command"
. 
. Defining command \setromanfont with sig. 'O{}mO{}' on line 596.
.................................................
.................................................
. LaTeX info: "xparse/define-command"
. 
. Defining command \newfontfamily with sig. 'mO{}mO{}' on line 600.
.................................................
.................................................
. LaTeX info: "xparse/define-command"
. 
. Defining command \renewfontfamily with sig. 'mO{}mO{}' on line 604.
.................................................
.................................................
. LaTeX info: "xparse/define-command"
. 
. Defining command \setfontfamily with sig. 'mO{}mO{}' on line 608.
.................................................
.................................................
. LaTeX info: "xparse/define-command"
. 
. Defining command \newfontface with sig. 'mO{}mO{}' on line 612.
.................................................
.................................................
. LaTeX info: "xparse/define-command"
. 
. Defining command \defaultfontfeatures with sig. 't+om' on line 619.
.................................................
.................................................
. LaTeX info: "xparse/define-command"
. 
. Defining command \addfontfeatures with sig. 'm' on line 623.
.................................................
.................................................
. LaTeX info: "xparse/define-command"
. 
. Defining command \addfontfeature with sig. 'm' on line 627.
.................................................
.................................................
. LaTeX info: "xparse/define-command"
. 
. Defining command \newfontfeature with sig. 'mm' on line 631.
.................................................
.................................................
. LaTeX info: "xparse/define-command"
. 
. Defining command \newAATfeature with sig. 'mmmm' on line 635.
.................................................
.................................................
. LaTeX info: "xparse/define-command"
. 
. Defining command \newopentypefeature with sig. 'mmm' on line 639.
.................................................
.................................................
. LaTeX info: "xparse/define-command"
. 
. Defining command \newICUfeature with sig. 'mmm' on line 643.
.................................................
.................................................
. LaTeX info: "xparse/define-command"
. 
. Defining command \aliasfontfeature with sig. 'mm' on line 647.
.................................................
.................................................
. LaTeX info: "xparse/define-command"
. 
. Defining command \aliasfontfeatureoption with sig. 'mmm' on line 651.
.................................................
.................................................
. LaTeX info: "xparse/define-command"
. 
. Defining command \newfontscript with sig. 'mm' on line 655.
.................................................
.................................................
. LaTeX info: "xparse/define-command"
. 
. Defining command \newfontlanguage with sig. 'mm' on line 659.
.................................................
.................................................
. LaTeX info: "xparse/define-command"
. 
. Defining command \DeclareFontExtensions with sig. 'm' on line 663.
.................................................
.................................................
. LaTeX info: "xparse/define-command"
. 
. Defining command \IfFontFeatureActiveTF with sig. 'mmm' on line 667.
.................................................
.................................................
. LaTeX info: "xparse/define-command"
. 
. Defining command \EncodingCommand with sig. 'mO{}m' on line 3655.
.................................................
.................................................
. LaTeX info: "xparse/define-command"
. 
. Defining command \EncodingAccent with sig. 'mm' on line 3661.
.................................................
.................................................
. LaTeX info: "xparse/define-command"
. 
. Defining command \EncodingSymbol with sig. 'mm' on line 3667.
.................................................
.................................................
. LaTeX info: "xparse/define-command"
. 
. Defining command \EncodingComposite with sig. 'mmm' on line 3673.
.................................................
.................................................
. LaTeX info: "xparse/define-command"
. 
. Defining command \EncodingCompositeCommand with sig. 'mmm' on line 3679.
.................................................
.................................................
. LaTeX info: "xparse/define-command"
. 
. Defining command \DeclareUnicodeEncoding with sig. 'mm' on line 3704.
.................................................
.................................................
. LaTeX info: "xparse/define-command"
. 
. Defining command \UndeclareSymbol with sig. 'm' on line 3710.
.................................................
.................................................
. LaTeX info: "xparse/define-command"
. 
. Defining command \UndeclareAccent with sig. 'm' on line 3716.
.................................................
.................................................
. LaTeX info: "xparse/define-command"
. 
. Defining command \UndeclareCommand with sig. 'm' on line 3722.
.................................................
.................................................
. LaTeX info: "xparse/define-command"
. 
. Defining command \UndeclareComposite with sig. 'mm' on line 3729.
.................................................

(/usr/local/texlive/2018/texmf-dist/tex/latex/fontspec/fontspec.cfg)
LaTeX Info: Redefining \itshape on input line 3910.
LaTeX Info: Redefining \slshape on input line 3915.
LaTeX Info: Redefining \scshape on input line 3920.
LaTeX Info: Redefining \upshape on input line 3925.
LaTeX Info: Redefining \em on input line 3955.
LaTeX Info: Redefining \emph on input line 3980.
LaTeX Font Info:    Font shape `TU/lmss/m/it' in size <10.95> not available
(Font)              Font shape `TU/lmss/m/sl' tried instead on input line 4030.

LaTeX Info: Redefining \- on input line 4034.
.................................................
. LaTeX info: "xparse/redefine-command"
. 
. Redefining command \oldstylenums with sig. 'm' on line 4129.
.................................................
.................................................
. LaTeX info: "xparse/define-command"
. 
. Defining command \liningnums with sig. 'm' on line 4133.
.................................................
))
(/usr/local/texlive/2018/texmf-dist/tex/latex/setspace/setspace.sty
Package: setspace 2011/12/19 v6.7a set line spacing
)
(/usr/local/texlive/2018/texmf-dist/tex/latex/pgf/frontendlayer/tikz.sty
(/usr/local/texlive/2018/texmf-dist/tex/latex/pgf/basiclayer/pgf.sty
Package: pgf 2015/08/07 v3.0.1a (rcs-revision 1.15)

(/usr/local/texlive/2018/texmf-dist/tex/generic/pgf/modules/pgfmoduleshapes.cod
e.tex
File: pgfmoduleshapes.code.tex 2014/03/21  (rcs-revision 1.35)
\pgfnodeparttextbox=\box69
)
(/usr/local/texlive/2018/texmf-dist/tex/generic/pgf/modules/pgfmoduleplot.code.
tex
File: pgfmoduleplot.code.tex 2015/08/03  (rcs-revision 1.13)
)
(/usr/local/texlive/2018/texmf-dist/tex/latex/pgf/compatibility/pgfcomp-version
-0-65.sty
Package: pgfcomp-version-0-65 2007/07/03 v3.0.1a (rcs-revision 1.7)
\pgf@nodesepstart=\dimen278
\pgf@nodesepend=\dimen279
)
(/usr/local/texlive/2018/texmf-dist/tex/latex/pgf/compatibility/pgfcomp-version
-1-18.sty
Package: pgfcomp-version-1-18 2007/07/23 v3.0.1a (rcs-revision 1.1)
))
(/usr/local/texlive/2018/texmf-dist/tex/latex/pgf/utilities/pgffor.sty
(/usr/local/texlive/2018/texmf-dist/tex/latex/pgf/utilities/pgfkeys.sty
(/usr/local/texlive/2018/texmf-dist/tex/generic/pgf/utilities/pgfkeys.code.tex)
) (/usr/local/texlive/2018/texmf-dist/tex/latex/pgf/math/pgfmath.sty
(/usr/local/texlive/2018/texmf-dist/tex/generic/pgf/math/pgfmath.code.tex))
(/usr/local/texlive/2018/texmf-dist/tex/generic/pgf/utilities/pgffor.code.tex
Package: pgffor 2013/12/13 v3.0.1a (rcs-revision 1.25)

(/usr/local/texlive/2018/texmf-dist/tex/generic/pgf/math/pgfmath.code.tex)
\pgffor@iter=\dimen280
\pgffor@skip=\dimen281
\pgffor@stack=\toks43
\pgffor@toks=\toks44
))
(/usr/local/texlive/2018/texmf-dist/tex/generic/pgf/frontendlayer/tikz/tikz.cod
e.tex
Package: tikz 2015/08/07 v3.0.1a (rcs-revision 1.151)

(/usr/local/texlive/2018/texmf-dist/tex/generic/pgf/libraries/pgflibraryplothan
dlers.code.tex
File: pgflibraryplothandlers.code.tex 2013/08/31 v3.0.1a (rcs-revision 1.20)
\pgf@plot@mark@count=\count317
\pgfplotmarksize=\dimen282
)
\tikz@lastx=\dimen283
\tikz@lasty=\dimen284
\tikz@lastxsaved=\dimen285
\tikz@lastysaved=\dimen286
\tikzleveldistance=\dimen287
\tikzsiblingdistance=\dimen288
\tikz@figbox=\box70
\tikz@figbox@bg=\box71
\tikz@tempbox=\box72
\tikz@tempbox@bg=\box73
\tikztreelevel=\count318
\tikznumberofchildren=\count319
\tikznumberofcurrentchild=\count320
\tikz@fig@count=\count321

(/usr/local/texlive/2018/texmf-dist/tex/generic/pgf/modules/pgfmodulematrix.cod
e.tex
File: pgfmodulematrix.code.tex 2013/09/17  (rcs-revision 1.8)
\pgfmatrixcurrentrow=\count322
\pgfmatrixcurrentcolumn=\count323
\pgf@matrix@numberofcolumns=\count324
)
\tikz@expandcount=\count325

(/usr/local/texlive/2018/texmf-dist/tex/generic/pgf/frontendlayer/tikz/librarie
s/tikzlibrarytopaths.code.tex
File: tikzlibrarytopaths.code.tex 2008/06/17 v3.0.1a (rcs-revision 1.2)
)))
(/usr/local/texlive/2018/texmf-dist/tex/latex/unicode-math/unicode-math.sty
Package: unicode-math 2018/02/02 vv0.8l Unicode maths in XeLaTeX and LuaLaTeX

(/usr/local/texlive/2018/texmf-dist/tex/latex/unicode-math/unicode-math-xetex.s
ty
Package: unicode-math-xetex 2018/02/02 vv0.8l Unicode maths in XeLaTeX and LuaL
aTeX

(/usr/local/texlive/2018/texmf-dist/tex/latex/l3packages/l3keys2e/l3keys2e.sty
Package: l3keys2e 2018-08-23 LaTeX2e option processing using LaTeX3 keys
) (/usr/local/texlive/2018/texmf-dist/tex/latex/base/fix-cm.sty
Package: fix-cm 2015/01/14 v1.1t fixes to LaTeX

(/usr/local/texlive/2018/texmf-dist/tex/latex/base/ts1enc.def
File: ts1enc.def 2001/06/05 v3.0e (jk/car/fm) Standard LaTeX file
))
\g__um_fam_int=\count326
\g__um_fonts_used_int=\count327
\l__um_primecount_int=\count328
\g__um_primekern_muskip=\muskip18
.................................................
. LaTeX info: "xparse/define-command"
. 
. Defining command \unimathsetup with sig. 'm' on line 269.
.................................................
.................................................
. LaTeX info: "xparse/define-command"
. 
. Defining command \setmathfont with sig. 'O{}mO{}' on line 273.
.................................................
.................................................
. LaTeX info: "xparse/define-command"
. 
. Defining command \setmathfontface with sig. 'mO{}mO{}' on line 277.
.................................................
.................................................
. LaTeX info: "xparse/define-command"
. 
. Defining command \setoperatorfont with sig. 'm' on line 282.
.................................................
.................................................
. LaTeX info: "xparse/define-command"
. 
. Defining command \addnolimits with sig. 'm' on line 287.
.................................................
.................................................
. LaTeX info: "xparse/define-command"
. 
. Defining command \removenolimits with sig. 'm' on line 291.
.................................................

(/usr/local/texlive/2018/texmf-dist/tex/latex/unicode-math/unicode-math-table.t
ex)
.................................................
. unicode-math info: "patch-macro"
. 
. I'm going to patch macro \subarray.
.................................................
.................................................
. unicode-math info: "patch-macro"
. 
. I'm going to patch macro \r@@t.
.................................................
.................................................
. LaTeX info: "xparse/redefine-command"
. 
. Redefining command \not with sig. 'm' on line 3835.
.................................................
.................................................
. LaTeX info: "xparse/define-command"
. 
. Defining command \NewNegationCommand with sig. 'mm' on line 3839.
.................................................
.................................................
. LaTeX info: "xparse/define-command"
. 
. Defining command \RenewNegationCommand with sig. 'mm' on line 3843.
.................................................
))
.................................................
. fontspec info: "defining-font"
. 
. Font family 'Montserrat-Regular(0)' created for font 'Montserrat-Regular'
. with options [Path=config/fonts/,BoldFont=Montserrat-Bold].
.  
.  This font family consists of the following NFSS series/shapes:
.  
. - 'normal' (m/n) with NFSS spec.:
. <->"[config/fonts/Montserrat-Regular]/OT:script=latn;language=DFLT;"
. - 'small caps'  (m/sc) with NFSS spec.: 
. - 'bold' (bx/n) with NFSS spec.:
. <->"[config/fonts/Montserrat-Bold]/OT:script=latn;language=DFLT;"
. - 'bold small caps'  (bx/sc) with NFSS spec.: 
.................................................
.................................................
. LaTeX info: "xparse/define-command"
. 
. Defining command \montserratfont with sig. '' on line 38.
.................................................
.................................................
. fontspec info: "defining-font"
. 
. Font family 'NotoSans-Regular(0)' created for font 'NotoSans-Regular' with
. options
. [Path=config/fonts/,BoldFont=NotoSans-Bold,ItalicFont=NotoSans-Italic,BoldIta
licFont=NotoSans-BoldItalic,SmallCapsFont=AlegreyaSansSC-Regular].
.  
.  This font family consists of the following NFSS series/shapes:
.  
. - 'normal' (m/n) with NFSS spec.:
. <->"[config/fonts/NotoSans-Regular]/OT:script=latn;language=DFLT;"
. - 'small caps'  (m/sc) with NFSS spec.:
. <->"[config/fonts/AlegreyaSansSC-Regular]/OT:script=latn;language=DFLT;"
. - 'bold' (bx/n) with NFSS spec.:
. <->"[config/fonts/NotoSans-Bold]/OT:script=latn;language=DFLT;"
. - 'bold small caps'  (bx/sc) with NFSS spec.:
. <->"[config/fonts/AlegreyaSansSC-Regular]/OT:script=latn;language=DFLT;"
. - 'italic' (m/it) with NFSS spec.:
. <->"[config/fonts/NotoSans-Italic]/OT:script=latn;language=DFLT;"
. - 'italic small caps'  (m/itsc) with NFSS spec.:
. <->"[config/fonts/AlegreyaSansSC-Regular]/OT:script=latn;language=DFLT;"
. - 'bold italic' (bx/it) with NFSS spec.:
. <->"[config/fonts/NotoSans-BoldItalic]/OT:script=latn;language=DFLT;"
. - 'bold italic small caps'  (bx/itsc) with NFSS spec.:
. <->"[config/fonts/AlegreyaSansSC-Regular]/OT:script=latn;language=DFLT;"
.................................................
.................................................
. LaTeX info: "xparse/define-command"
. 
. Defining command \notosansfont with sig. '' on line 39.
.................................................
.................................................
. fontspec info: "defining-font"
. 
. Font family 'Lato-Lig(0)' created for font 'Lato-Lig' with options
. [Path=config/fonts/].
.  
.  This font family consists of the following NFSS series/shapes:
.  
. - 'normal' (m/n) with NFSS spec.:
. <->"[config/fonts/Lato-Lig]/OT:script=latn;language=DFLT;"
. - 'small caps'  (m/sc) with NFSS spec.: 
.................................................
.................................................
. LaTeX info: "xparse/define-command"
. 
. Defining command \latolightfont with sig. '' on line 40.
.................................................
.................................................
. fontspec info: "no-scripts"
. 
. Font "Inconsolata" does not contain any OpenType `Script' information.
.................................................
.................................................
. fontspec info: "defining-font"
. 
. Font family 'Inconsolata(0)' created for font 'Inconsolata' with options
. [Path=config/fonts/].
.  
.  This font family consists of the following NFSS series/shapes:
.  
. - 'normal' (m/n) with NFSS spec.: <->"[config/fonts/Inconsolata]/OT"
. - 'small caps'  (m/sc) with NFSS spec.: 
.................................................
.................................................
. LaTeX info: "xparse/define-command"
. 
. Defining command \inconsolatafont with sig. '' on line 41.
.................................................
.................................................
. fontspec info: "defining-font"
. 
. Font family 'NotoSans-Regular(1)' created for font 'NotoSans-Regular' with
. options
. [Ligatures=TeX,Ligatures=TeX,Path=config/fonts/,BoldFont=NotoSans-Bold,Italic
Font=NotoSans-Italic,BoldItalicFont=NotoSans-BoldItalic,SmallCapsFont=AlegreyaS
ansSC-Regular].
.  
.  This font family consists of the following NFSS series/shapes:
.  
. - 'normal' (m/n) with NFSS spec.:
. <->"[config/fonts/NotoSans-Regular]/OT:script=latn;language=DFLT;mapping=tex-
text;"
. - 'small caps'  (m/sc) with NFSS spec.:
. <->"[config/fonts/AlegreyaSansSC-Regular]/OT:script=latn;language=DFLT;mappin
g=tex-text;"
. - 'bold' (bx/n) with NFSS spec.:
. <->"[config/fonts/NotoSans-Bold]/OT:script=latn;language=DFLT;mapping=tex-tex
t;"
. - 'bold small caps'  (bx/sc) with NFSS spec.:
. <->"[config/fonts/AlegreyaSansSC-Regular]/OT:script=latn;language=DFLT;mappin
g=tex-text;"
. - 'italic' (m/it) with NFSS spec.:
. <->"[config/fonts/NotoSans-Italic]/OT:script=latn;language=DFLT;mapping=tex-t
ext;"
. - 'italic small caps'  (m/itsc) with NFSS spec.:
. <->"[config/fonts/AlegreyaSansSC-Regular]/OT:script=latn;language=DFLT;mappin
g=tex-text;"
. - 'bold italic' (bx/it) with NFSS spec.:
. <->"[config/fonts/NotoSans-BoldItalic]/OT:script=latn;language=DFLT;mapping=t
ex-text;"
. - 'bold italic small caps'  (bx/itsc) with NFSS spec.:
. <->"[config/fonts/AlegreyaSansSC-Regular]/OT:script=latn;language=DFLT;mappin
g=tex-text;"
.................................................
LaTeX Info: Redefining \rmfamily on input line 51.
.................................................
. fontspec info: "defining-font"
. 
. Font family 'NotoSans-Regular(2)' created for font 'NotoSans-Regular' with
. options
. [Ligatures=TeX,Path=config/fonts/,BoldFont=NotoSans-Bold,ItalicFont=NotoSans-
Italic,BoldItalicFont=NotoSans-BoldItalic,SmallCapsFont=AlegreyaSansSC-Regular]
.
.  
.  This font family consists of the following NFSS series/shapes:
.  
. - 'normal' (m/n) with NFSS spec.:
. <->"[config/fonts/NotoSans-Regular]/OT:script=latn;language=DFLT;mapping=tex-
text;"
. - 'small caps'  (m/sc) with NFSS spec.:
. <->"[config/fonts/AlegreyaSansSC-Regular]/OT:script=latn;language=DFLT;mappin
g=tex-text;"
. - 'bold' (bx/n) with NFSS spec.:
. <->"[config/fonts/NotoSans-Bold]/OT:script=latn;language=DFLT;mapping=tex-tex
t;"
. - 'bold small caps'  (bx/sc) with NFSS spec.:
. <->"[config/fonts/AlegreyaSansSC-Regular]/OT:script=latn;language=DFLT;mappin
g=tex-text;"
. - 'italic' (m/it) with NFSS spec.:
. <->"[config/fonts/NotoSans-Italic]/OT:script=latn;language=DFLT;mapping=tex-t
ext;"
. - 'italic small caps'  (m/itsc) with NFSS spec.:
. <->"[config/fonts/AlegreyaSansSC-Regular]/OT:script=latn;language=DFLT;mappin
g=tex-text;"
. - 'bold italic' (bx/it) with NFSS spec.:
. <->"[config/fonts/NotoSans-BoldItalic]/OT:script=latn;language=DFLT;mapping=t
ex-text;"
. - 'bold italic small caps'  (bx/itsc) with NFSS spec.:
. <->"[config/fonts/AlegreyaSansSC-Regular]/OT:script=latn;language=DFLT;mappin
g=tex-text;"
.................................................
LaTeX Font Info:    Overwriting math alphabet `\mathrm' in version `normal'
(Font)                  OT1/cmr/m/n --> TU/NotoSans-Regular(2)/m/n on input lin
e 51.
LaTeX Font Info:    Overwriting math alphabet `\mathit' in version `normal'
(Font)                  OT1/cmr/m/it --> TU/NotoSans-Regular(2)/m/it on input l
ine 51.
LaTeX Font Info:    Overwriting math alphabet `\mathbf' in version `normal'
(Font)                  OT1/cmr/bx/n --> TU/NotoSans-Regular(2)/bx/n on input l
ine 51.
LaTeX Info: Redefining \sffamily on input line 52.
LaTeX Font Info:    Overwriting math alphabet `\mathsf' in version `normal'
(Font)                  OT1/cmss/m/n --> TU/NotoSans-Regular(2)/m/n on input li
ne 52.
LaTeX Font Info:    Overwriting math alphabet `\mathsf' in version `bold'
(Font)                  OT1/cmss/bx/n --> TU/NotoSans-Regular(2)/bx/n on input 
line 52.
.................................................
. fontspec info: "no-scripts"
. 
. Font "Inconsolata" does not contain any OpenType `Script' information.
.................................................
.................................................
. fontspec info: "defining-font"
. 
. Font family 'Inconsolata(1)' created for font 'Inconsolata' with options
. [WordSpace={1,0,0},HyphenChar=None,PunctuationSpace=WordSpace,Ligatures=TeX,P
ath=config/fonts/,SmallCapsFont=AlegreyaSansSC-Regular].
.  
.  This font family consists of the following NFSS series/shapes:
.  
. - 'normal' (m/n) with NFSS spec.:
. <->"[config/fonts/Inconsolata]/OT:mapping=tex-text;"
. - 'small caps'  (m/sc) with NFSS spec.:
. <->"[config/fonts/AlegreyaSansSC-Regular]/OT:mapping=tex-text;"
. and font adjustment code:
. \fontdimen 2\font =1\fontdimen 2\font \fontdimen 3\font =0\fontdimen 3\font
. \fontdimen 4\font =0\fontdimen 4\font \fontdimen 7\font =0\fontdimen 2\font
. \tex_hyphenchar:D \font =-1\scan_stop: 
.................................................
LaTeX Info: Redefining \ttfamily on input line 53.
.................................................
. fontspec info: "no-scripts"
. 
. Font "Inconsolata" does not contain any OpenType `Script' information.
.................................................
.................................................
. fontspec info: "defining-font"
. 
. Font family 'Inconsolata(2)' created for font 'Inconsolata' with options
. [Ligatures=TeX,Path=config/fonts/,SmallCapsFont=AlegreyaSansSC-Regular].
.  
.  This font family consists of the following NFSS series/shapes:
.  
. - 'normal' (m/n) with NFSS spec.:
. <->"[config/fonts/Inconsolata]/OT:mapping=tex-text;"
. - 'small caps'  (m/sc) with NFSS spec.:
. <->"[config/fonts/AlegreyaSansSC-Regular]/OT:mapping=tex-text;"
.................................................
LaTeX Font Info:    Overwriting math alphabet `\mathtt' in version `normal'
(Font)                  OT1/cmtt/m/n --> TU/Inconsolata(2)/m/n on input line 53
.
LaTeX Font Info:    Overwriting math alphabet `\mathtt' in version `bold'
(Font)                  OT1/cmtt/m/n --> TU/Inconsolata(2)/bx/n on input line 5
3.
\c@totalfr=\count329
\c@pageval=\count330
) (/usr/local/texlive/2018/texmf-dist/tex/latex/textpos/textpos.sty
Package: textpos 2016/06/07 v1.8

Package: textpos 2016/06/07 1.8, absolute positioning of text on the page
\TP@textbox=\box74
\TPHorizModule=\dimen289
\TPVertModule=\dimen290
\TP@margin=\dimen291
\TP@absmargin=\dimen292
Grid set 16 x 16 = 22.7622pt x 17.07166pt
\TPboxrulesize=\dimen293
\TP@tbargs=\toks45
\TP@prevdepth=\dimen294
) (/usr/local/texlive/2018/texmf-dist/tex/latex/float/float.sty
Package: float 2001/11/08 v1.3d Float enhancements (AL)
\c@float@type=\count331
\float@exts=\toks46
\float@box=\box75
\@float@everytoks=\toks47
\@floatcapt=\box76
)
(/usr/local/texlive/2018/texmf-dist/tex/latex/wrapfig/wrapfig.sty
\wrapoverhang=\dimen295
\WF@size=\dimen296
\c@WF@wrappedlines=\count332
\WF@box=\box77
\WF@everypar=\toks48
Package: wrapfig 2003/01/31  v 3.6
)
(/usr/local/texlive/2018/texmf-dist/tex/latex/underscore/underscore.sty
Package: underscore 2006/09/13
LaTeX Info: Redefining \_ on input line 42.
)
(/usr/local/texlive/2018/texmf-dist/tex/latex/multirow/multirow.sty
Package: multirow 2018/08/03 v2.3 Span multiple rows of a table
\multirow@colwidth=\skip63
\multirow@cntb=\count333
\multirow@dima=\skip64
\bigstrutjot=\dimen297
)
(/usr/local/texlive/2018/texmf-dist/tex/latex/booktabs/booktabs.sty
Package: booktabs 2016/04/27 v1.618033 publication quality tables
\heavyrulewidth=\dimen298
\lightrulewidth=\dimen299
\cmidrulewidth=\dimen300
\belowrulesep=\dimen301
\belowbottomsep=\dimen302
\aboverulesep=\dimen303
\abovetopsep=\dimen304
\cmidrulesep=\dimen305
\cmidrulekern=\dimen306
\defaultaddspace=\dimen307
\@cmidla=\count334
\@cmidlb=\count335
\@aboverulesep=\dimen308
\@belowrulesep=\dimen309
\@thisruleclass=\count336
\@lastruleclass=\count337
\@thisrulewidth=\dimen310
)
(/usr/local/texlive/2018/texmf-dist/tex/latex/tools/longtable.sty
Package: longtable 2014/10/28 v4.11 Multi-page Table package (DPC)
\LTleft=\skip65
\LTright=\skip66
\LTpre=\skip67
\LTpost=\skip68
\LTchunksize=\count338
\LTcapwidth=\dimen311
\LT@head=\box78
\LT@firsthead=\box79
\LT@foot=\box80
\LT@lastfoot=\box81
\LT@cols=\count339
\LT@rows=\count340
\c@LT@tables=\count341
\c@LT@chunks=\count342
\LT@p@ftn=\toks49
)
(/usr/local/texlive/2018/texmf-dist/tex/latex/units/nicefrac.sty
Package: nicefrac 1998/08/04 v0.9b Nice fractions
\L@UnitsRaiseDisplaystyle=\skip69
\L@UnitsRaiseTextstyle=\skip70
\L@UnitsRaiseScriptstyle=\skip71

(/usr/local/texlive/2018/texmf-dist/tex/latex/base/ifthen.sty
Package: ifthen 2014/09/29 v1.1c Standard LaTeX ifthen package (DPC)
))
\sympureletters=\mathgroup6
LaTeX Font Info:    Overwriting symbol font `pureletters' in version `bold'
(Font)                  OT1/mathkerncmss/m/sl --> OT1/mathkerncmss/bx/sl on inp
ut line 25.

(/usr/local/texlive/2018/texmf-dist/tex/latex/tools/bm.sty
Package: bm 2017/01/16 v1.2c Bold Symbol Support (DPC/FMi)
\symboldoperators=\mathgroup7
\symboldletters=\mathgroup8
\symboldsymbols=\mathgroup9
\symboldpureletters=\mathgroup10
LaTeX Font Info:    Redeclaring math alphabet \mathbf on input line 141.
LaTeX Info: Redefining \bm on input line 207.
)
(/usr/local/texlive/2018/texmf-dist/tex/generic/pgf/frontendlayer/tikz/librarie
s/tikzlibrarypositioning.code.tex
File: tikzlibrarypositioning.code.tex 2008/10/06 v3.0.1a (rcs-revision 1.7)
)
(/usr/local/texlive/2018/texmf-dist/tex/generic/pgf/frontendlayer/tikz/librarie
s/tikzlibraryshapes.code.tex
File: tikzlibraryshapes.code.tex 2008/01/09 v3.0.1a (rcs-revision 1.1)

(/usr/local/texlive/2018/texmf-dist/tex/generic/pgf/frontendlayer/tikz/librarie
s/tikzlibraryshapes.geometric.code.tex
File: tikzlibraryshapes.geometric.code.tex 2008/01/09 v3.0.1a (rcs-revision 1.1
)

(/usr/local/texlive/2018/texmf-dist/tex/generic/pgf/libraries/shapes/pgflibrary
shapes.geometric.code.tex
File: pgflibraryshapes.geometric.code.tex 2008/06/26 v3.0.1a (rcs-revision 1.1)

))
(/usr/local/texlive/2018/texmf-dist/tex/generic/pgf/frontendlayer/tikz/librarie
s/tikzlibraryshapes.misc.code.tex
File: tikzlibraryshapes.misc.code.tex 2008/01/09 v3.0.1a (rcs-revision 1.1)

(/usr/local/texlive/2018/texmf-dist/tex/generic/pgf/libraries/shapes/pgflibrary
shapes.misc.code.tex
File: pgflibraryshapes.misc.code.tex 2013/07/18 v3.0.1a (rcs-revision 1.5)
))
(/usr/local/texlive/2018/texmf-dist/tex/generic/pgf/frontendlayer/tikz/librarie
s/tikzlibraryshapes.symbols.code.tex
File: tikzlibraryshapes.symbols.code.tex 2008/01/09 v3.0.1a (rcs-revision 1.1)

(/usr/local/texlive/2018/texmf-dist/tex/generic/pgf/libraries/shapes/pgflibrary
shapes.symbols.code.tex
File: pgflibraryshapes.symbols.code.tex 2013/09/11 v3.0.1a (rcs-revision 1.6)
))
(/usr/local/texlive/2018/texmf-dist/tex/generic/pgf/frontendlayer/tikz/librarie
s/tikzlibraryshapes.arrows.code.tex
File: tikzlibraryshapes.arrows.code.tex 2008/01/09 v3.0.1a (rcs-revision 1.1)

(/usr/local/texlive/2018/texmf-dist/tex/generic/pgf/libraries/shapes/pgflibrary
shapes.arrows.code.tex
File: pgflibraryshapes.arrows.code.tex 2008/06/26 v3.0.1a (rcs-revision 1.1)
))
(/usr/local/texlive/2018/texmf-dist/tex/generic/pgf/frontendlayer/tikz/librarie
s/tikzlibraryshapes.callouts.code.tex
(/usr/local/texlive/2018/texmf-dist/tex/generic/pgf/libraries/shapes/pgflibrary
shapes.callouts.code.tex))
(/usr/local/texlive/2018/texmf-dist/tex/generic/pgf/frontendlayer/tikz/librarie
s/tikzlibraryshapes.multipart.code.tex
File: tikzlibraryshapes.multipart.code.tex 2008/01/09 v3.0.1a (rcs-revision 1.1
)

(/usr/local/texlive/2018/texmf-dist/tex/generic/pgf/libraries/shapes/pgflibrary
shapes.multipart.code.tex
File: pgflibraryshapes.multipart.code.tex 2010/01/07 v3.0.1a (rcs-revision 1.2)

\pgfnodepartlowerbox=\box82
\pgfnodeparttwobox=\box83
\pgfnodepartthreebox=\box84
\pgfnodepartfourbox=\box85
\pgfnodeparttwentybox=\box86
\pgfnodepartnineteenbox=\box87
\pgfnodeparteighteenbox=\box88
\pgfnodepartseventeenbox=\box89
\pgfnodepartsixteenbox=\box90
\pgfnodepartfifteenbox=\box91
\pgfnodepartfourteenbox=\box92
\pgfnodepartthirteenbox=\box93
\pgfnodeparttwelvebox=\box94
\pgfnodepartelevenbox=\box95
\pgfnodeparttenbox=\box96
\pgfnodepartninebox=\box97
\pgfnodeparteightbox=\box98
\pgfnodepartsevenbox=\box99
\pgfnodepartsixbox=\box100
\pgfnodepartfivebox=\box101
)))
(/usr/local/texlive/2018/texmf-dist/tex/generic/pgf/libraries/pgflibraryarrows.
meta.code.tex
File: pgflibraryarrows.meta.code.tex 2015/05/13 v3.0.1a (rcs-revision 1.13)
\pgfarrowinset=\dimen312
\pgfarrowlength=\dimen313
\pgfarrowwidth=\dimen314
\pgfarrowlinewidth=\dimen315
)
(/usr/local/texlive/2018/texmf-dist/tex/latex/tkz-tab/tkz-tab.sty
Package: tkz-tab 2011/04/17 v1.4c variations (ctan version) 

(/usr/local/texlive/2018/texmf-dist/tex/latex/etex-pkg/etex.sty
Package: etex 2016/08/01 v2.7 eTeX basic definition package (PEB,DPC)


Package etex Warning: Extended allocation already in use.
(etex)                etex.sty code will not be used.
(etex)                To force etex package to load, add
(etex)                \RequirePackage{etex}
(etex)                at the start of the document.

) (/usr/local/texlive/2018/texmf-dist/tex/latex/xkeyval/xkeyval.sty
Package: xkeyval 2014/12/03 v2.7a package option processing (HA)

(/usr/local/texlive/2018/texmf-dist/tex/generic/xkeyval/xkeyval.tex
(/usr/local/texlive/2018/texmf-dist/tex/generic/xkeyval/xkvutils.tex
\XKV@toks=\toks50
\XKV@tempa@toks=\toks51
)
\XKV@depth=\count343
File: xkeyval.tex 2014/12/03 v2.7a key=value parser (HA)
))
(/usr/local/texlive/2018/texmf-dist/tex/generic/pgf/frontendlayer/tikz/librarie
s/tikzlibraryarrows.code.tex
File: tikzlibraryarrows.code.tex 2008/01/09 v3.0.1a (rcs-revision 1.1)

(/usr/local/texlive/2018/texmf-dist/tex/generic/pgf/libraries/pgflibraryarrows.
code.tex
File: pgflibraryarrows.code.tex 2013/09/23 v3.0.1a (rcs-revision 1.16)
\arrowsize=\dimen316
))
(/usr/local/texlive/2018/texmf-dist/tex/generic/pgf/frontendlayer/tikz/librarie
s/tikzlibrarypatterns.code.tex
File: tikzlibrarypatterns.code.tex 2008/01/15 v3.0.1a (rcs-revision 1.2)

(/usr/local/texlive/2018/texmf-dist/tex/generic/pgf/libraries/pgflibrarypattern
s.code.tex
File: pgflibrarypatterns.code.tex 2008/03/03 v3.0.1a (rcs-revision 1.13)
))
\tkz@XF=\dimen317
\tkz@YF=\dimen318
\c@tkz@cnt@line=\count344
\c@tkz@cnt@lg=\count345
\c@tkz@cnt@cl=\count346
\c@tkz@cnt@pred=\count347
\c@tkz@cnt@temp=\count348
\c@tkz@cnt@arrow=\count349
\c@tkz@cnt@zone=\count350
\c@tkz@cnt@lgnext=\count351
\c@tkz@cnt@clnext=\count352
\c@tkz@cnt@pair=\count353
\c@tkz@cnt@impair=\count354
\c@tkz@cnt@aw=\count355
)
(/usr/local/texlive/2018/texmf-dist/tex/latex/caption/subcaption.sty
Package: subcaption 2018/05/01 v1.1-162 Sub-captions (AR)

(/usr/local/texlive/2018/texmf-dist/tex/latex/caption/caption.sty
Package: caption 2018/05/01 v3.3-147 Customizing captions (AR)

(/usr/local/texlive/2018/texmf-dist/tex/latex/caption/caption3.sty
Package: caption3 2018/05/27 v1.8a caption3 kernel (AR)
Package caption3 Info: TeX engine: e-TeX on input line 64.
\captionmargin=\dimen319
\captionmargin@=\dimen320
\captionwidth=\dimen321
\caption@tempdima=\dimen322
\caption@indent=\dimen323
\caption@parindent=\dimen324
\caption@hangindent=\dimen325
)
\c@ContinuedFloat=\count356
Package caption Info: beamer document class.
Package caption Info: float package is loaded.
Package caption Info: hyperref package is loaded.
Package caption Info: Hyperref support is turned off
(caption)             because hyperref has stopped early.
Package caption Info: longtable package is loaded.

(/usr/local/texlive/2018/texmf-dist/tex/latex/caption/ltcaption.sty
Package: ltcaption 2013/06/09 v1.4-94 longtable captions (AR)
)
Package caption Info: wrapfig package is loaded.
)
\c@subfigure=\count357
\c@subtable=\count358
)
(/usr/local/texlive/2018/texmf-dist/tex/latex/biblatex/biblatex.sty
Package: biblatex 2018/03/04 v3.11 programmable bibliographies (PK/MW)

(/usr/local/texlive/2018/texmf-dist/tex/latex/logreq/logreq.sty
Package: logreq 2010/08/04 v1.0 xml request logger
\lrq@indent=\count359

(/usr/local/texlive/2018/texmf-dist/tex/latex/logreq/logreq.def
File: logreq.def 2010/08/04 v1.0 logreq spec v1.0
))
(/usr/local/texlive/2018/texmf-dist/tex/generic/xstring/xstring.sty
(/usr/local/texlive/2018/texmf-dist/tex/generic/xstring/xstring.tex
\@xs@message=\write5
\integerpart=\count360
\decimalpart=\count361
)
Package: xstring 2013/10/13  v1.7c  String manipulations (C Tellechea)
)
\c@tabx@nest=\count362
\c@listtotal=\count363
\c@listcount=\count364
\c@liststart=\count365
\c@liststop=\count366
\c@citecount=\count367
\c@citetotal=\count368
\c@multicitecount=\count369
\c@multicitetotal=\count370
\c@instcount=\count371
\c@maxnames=\count372
\c@minnames=\count373
\c@maxitems=\count374
\c@minitems=\count375
\c@citecounter=\count376
\c@savedcitecounter=\count377
\c@uniquelist=\count378
\c@uniquename=\count379
\c@refsection=\count380
\c@refsegment=\count381
\c@maxextratitle=\count382
\c@maxextratitleyear=\count383
\c@maxextradate=\count384
\c@maxextraalpha=\count385
\c@abbrvpenalty=\count386
\c@highnamepenalty=\count387
\c@lownamepenalty=\count388
\c@maxparens=\count389
\c@parenlevel=\count390
\blx@tempcnta=\count391
\blx@tempcntb=\count392
\blx@tempcntc=\count393
\blx@maxsection=\count394
\blx@maxsegment@0=\count395
\blx@notetype=\count396
\blx@parenlevel@text=\count397
\blx@parenlevel@foot=\count398
\blx@sectionciteorder@0=\count399
\labelnumberwidth=\skip72
\labelalphawidth=\skip73
\biblabelsep=\skip74
\bibitemsep=\skip75
\bibnamesep=\skip76
\bibinitsep=\skip77
\bibparsep=\skip78
\bibhang=\skip79
\blx@bcfin=\read3
\blx@bcfout=\write6
\c@mincomprange=\count400
\c@maxcomprange=\count401
\c@mincompwidth=\count402
Package biblatex Info: Trying to load biblatex default data model...
Package biblatex Info: ... file 'blx-dm.def' found.

(/usr/local/texlive/2018/texmf-dist/tex/latex/biblatex/blx-dm.def
File: blx-dm.def 2018/03/04 v3.11 biblatex localization (PK/MW)
)
Package biblatex Info: Trying to load biblatex citestyle data model...
Package biblatex Info: ... file 'ext-authoryear.dbx' not found.
Package biblatex Info: Trying to load biblatex bibstyle data model...
Package biblatex Info: ... file 'nejm.dbx' not found.
Package biblatex Info: Trying to load biblatex custom data model...
Package biblatex Info: ... file 'biblatex-dm.cfg' not found.
\c@afterword=\count403
\c@savedafterword=\count404
\c@annotator=\count405
\c@savedannotator=\count406
\c@author=\count407
\c@savedauthor=\count408
\c@bookauthor=\count409
\c@savedbookauthor=\count410
\c@commentator=\count411
\c@savedcommentator=\count412
\c@editor=\count413
\c@savededitor=\count414
\c@editora=\count415
\c@savededitora=\count416
\c@editorb=\count417
\c@savededitorb=\count418
\c@editorc=\count419
\c@savededitorc=\count420
\c@foreword=\count421
\c@savedforeword=\count422
\c@holder=\count423
\c@savedholder=\count424
\c@introduction=\count425
\c@savedintroduction=\count426
\c@namea=\count427
\c@savednamea=\count428
\c@nameb=\count429
\c@savednameb=\count430
\c@namec=\count431
\c@savednamec=\count432
\c@translator=\count433
\c@savedtranslator=\count434
\c@shortauthor=\count435
\c@savedshortauthor=\count436
\c@shorteditor=\count437
\c@savedshorteditor=\count438
\c@labelname=\count439
\c@savedlabelname=\count440
\c@institution=\count441
\c@savedinstitution=\count442
\c@lista=\count443
\c@savedlista=\count444
\c@listb=\count445
\c@savedlistb=\count446
\c@listc=\count447
\c@savedlistc=\count448
\c@listd=\count449
\c@savedlistd=\count450
\c@liste=\count451
\c@savedliste=\count452
\c@listf=\count453
\c@savedlistf=\count454
\c@location=\count455
\c@savedlocation=\count456
\c@organization=\count457
\c@savedorganization=\count458
\c@origlocation=\count459
\c@savedoriglocation=\count460
\c@origpublisher=\count461
\c@savedorigpublisher=\count462
\c@publisher=\count463
\c@savedpublisher=\count464
\c@language=\count465
\c@savedlanguage=\count466
\c@origlanguage=\count467
\c@savedoriglanguage=\count468
\c@pageref=\count469
\c@savedpageref=\count470
\shorthandwidth=\skip80
\shortjournalwidth=\skip81
\shortserieswidth=\skip82
\shorttitlewidth=\skip83
\shortauthorwidth=\skip84
\shorteditorwidth=\skip85
\locallabelnumberwidth=\skip86
\locallabelalphawidth=\skip87
\localshorthandwidth=\skip88
\localshortjournalwidth=\skip89
\localshortserieswidth=\skip90
\localshorttitlewidth=\skip91
\localshortauthorwidth=\skip92
\localshorteditorwidth=\skip93
Package biblatex Info: Trying to load enhanced support for Unicode engines...
Package biblatex Info: ... file 'blx-unicode.def' found.

(/usr/local/texlive/2018/texmf-dist/tex/latex/biblatex/blx-unicode.def)
Package biblatex Info: Trying to load compatibility code...
Package biblatex Info: ... file 'blx-compat.def' found.

(/usr/local/texlive/2018/texmf-dist/tex/latex/biblatex/blx-compat.def
File: blx-compat.def 2018/03/04 v3.11 biblatex compatibility (PK/MW)
)
Package biblatex Info: Trying to load BibTeX backend compatibility...
Package biblatex Info: ... file 'blx-bibtex.def' found.

(/usr/local/texlive/2018/texmf-dist/tex/latex/biblatex/blx-bibtex.def
File: blx-bibtex.def 2018/03/04 v3.11 biblatex compatibility (PK/MW)


Package biblatex Warning: Using fall-back BibTeX(8) backend:
(biblatex)                functionality may be reduced/unavailable.

)
Package biblatex Info: Trying to load generic definitions...
Package biblatex Info: ... file 'biblatex.def' found.
 (/usr/local/texlive/2018/texmf-dist/tex/latex/biblatex/biblatex.def
File: biblatex.def 2018/03/04 v3.11 biblatex compatibility (PK/MW)
\c@textcitecount=\count471
\c@textcitetotal=\count472
\c@textcitemaxnames=\count473
\c@biburlnumpenalty=\count474
\c@biburlucpenalty=\count475
\c@biburllcpenalty=\count476
\c@smartand=\count477
)
Package biblatex Info: Trying to load bibliography style 'nejm'...
Package biblatex Info: ... file 'nejm.bbx' found.

(/usr/local/texlive/2018/texmf-dist/tex/latex/biblatex-nejm/nejm.bbx
File: nejm.bbx 2011/09/09  v0.4: nejm.bbx
Package biblatex Info: Trying to load bibliography style 'standard'...
Package biblatex Info: ... file 'standard.bbx' found.

(/usr/local/texlive/2018/texmf-dist/tex/latex/biblatex/bbx/standard.bbx
File: standard.bbx 2018/03/04 v3.11 biblatex bibliography style (PK/MW)
\c@bbx:relatedcount=\count478
\c@bbx:relatedtotal=\count479
)

Package biblatex Warning: 'firstinits' option is deprecated.
(biblatex)                Please use 'giveninits' instead.

)
Package biblatex Info: Trying to load citation style 'ext-authoryear'...
Package biblatex Info: ... file 'ext-authoryear.cbx' found.
 (/usr/local/texlive/2018/texmf-dist/tex/latex/biblatex-ext/ext-authoryear.cbx
File: ext-authoryear.cbx 2018/06/10 v0.4 extended biblatex authoryear citation 
style (MW)
Package biblatex Info: Trying to load auxiliary code for ext-biblatex...
Package biblatex Info: ... file 'ext-biblatex-aux.def' found.

(/usr/local/texlive/2018/texmf-dist/tex/latex/biblatex-ext/ext-biblatex-aux.def
File: ext-biblatex-aux.def 2018/06/10 v0.4 auxiliaries for extended biblatex ci
tation style (MW)
)
Package biblatex Info: Trying to load citation style 'authoryear'...
Package biblatex Info: ... file 'authoryear.cbx' found.
 (/usr/local/texlive/2018/texmf-dist/tex/latex/biblatex/cbx/authoryear.cbx
File: authoryear.cbx 2018/03/04 v3.11 biblatex citation style (PK/MW)
Package biblatex Info: Redefining '\cite'.
Package biblatex Info: Redefining '\parencite'.
Package biblatex Info: Redefining '\footcite'.
Package biblatex Info: Redefining '\footcitetext'.
Package biblatex Info: Redefining '\smartcite'.
Package biblatex Info: Redefining '\textcite'.
Package biblatex Info: Redefining '\textcites'.
)
Package biblatex Info: Redefining '\cite'.
Package biblatex Info: Redefining '\parencite'.
Package biblatex Info: Redefining '\smartcite'.
Package biblatex Info: Redefining '\textcite'.
Package biblatex Info: Redefining '\cites'.
Package biblatex Info: Redefining '\parencites'.
Package biblatex Info: Redefining '\smartcites'.
Package biblatex Info: Redefining '\textcites'.
)
Package biblatex Info: Trying to load configuration file...
Package biblatex Info: ... file 'biblatex.cfg' found.

(/usr/local/texlive/2018/texmf-dist/tex/latex/biblatex/biblatex.cfg
File: biblatex.cfg 
))

Package biblatex-ext Warning: \DeclareOuterCiteDelim is deprecated. 
(biblatex-ext)                Use \DeclareOuterCiteDelims (with s) instead. 
(biblatex-ext)                Using \DeclareOuterCiteDelims  on input line 42.


Package biblatex-ext Warning: \DeclareOuterCiteDelim is deprecated. 
(biblatex-ext)                Use \DeclareOuterCiteDelims (with s) instead. 
(biblatex-ext)                Using \DeclareOuterCiteDelims  on input line 43.


Package biblatex-ext Warning: \DeclareOuterCiteDelim is deprecated. 
(biblatex-ext)                Use \DeclareOuterCiteDelims (with s) instead. 
(biblatex-ext)                Using \DeclareOuterCiteDelims  on input line 44.


Package biblatex Warning: Macro 'autocite' undefined.
(biblatex)                Using \newbibmacro on input line 81.

Package hyperref Info: Option `colorlinks' set `true' on input line 86.
(/usr/local/texlive/2018/texmf-dist/tex/latex/beamer/beamerfontthemeserif.sty)
Package biblatex Info: Trying to load language 'english'...
Package biblatex Info: ... file 'english.lbx' found.

(/usr/local/texlive/2018/texmf-dist/tex/latex/biblatex/lbx/english.lbx
File: english.lbx 2018/03/04 v3.11 biblatex localization (PK/MW)
)
\@quotelevel=\count480
\@quotereset=\count481


Package biblatex Warning: Conflicting options.
(biblatex)                '<namepart>inits' conflicts with 'uniquename=full'.
(biblatex)                Setting 'uniquename=init' on input line 119.

(./Untitled.aux)
\openout1 = `Untitled.aux'.

LaTeX Font Info:    Checking defaults for OML/cmm/m/it on input line 119.
LaTeX Font Info:    ... okay on input line 119.
LaTeX Font Info:    Checking defaults for T1/cmr/m/n on input line 119.
LaTeX Font Info:    ... okay on input line 119.
LaTeX Font Info:    Checking defaults for OT1/cmr/m/n on input line 119.
LaTeX Font Info:    ... okay on input line 119.
LaTeX Font Info:    Checking defaults for OMS/cmsy/m/n on input line 119.
LaTeX Font Info:    ... okay on input line 119.
LaTeX Font Info:    Checking defaults for TU/lmr/m/n on input line 119.
LaTeX Font Info:    ... okay on input line 119.
LaTeX Font Info:    Checking defaults for OMX/cmex/m/n on input line 119.
LaTeX Font Info:    ... okay on input line 119.
LaTeX Font Info:    Checking defaults for U/cmr/m/n on input line 119.
LaTeX Font Info:    ... okay on input line 119.
LaTeX Font Info:    Checking defaults for PD1/pdf/m/n on input line 119.
LaTeX Font Info:    ... okay on input line 119.
LaTeX Font Info:    Checking defaults for PU/pdf/m/n on input line 119.
LaTeX Font Info:    ... okay on input line 119.
LaTeX Font Info:    Checking defaults for TS1/cmr/m/n on input line 119.
LaTeX Font Info:    ... okay on input line 119.

*geometry* driver: auto-detecting
*geometry* detected driver: xetex
*geometry* verbose mode - [ preamble ] result:
* driver: xetex
* paper: custom
* layout: <same size as paper>
* layoutoffset:(h,v)=(0.0pt,0.0pt)
* modes: includehead includefoot 
* h-part:(L,W,R)=(28.45274pt, 307.28987pt, 28.45274pt)
* v-part:(T,H,B)=(0.0pt, 273.14662pt, 0.0pt)
* \paperwidth=364.19536pt
* \paperheight=273.14662pt
* \textwidth=307.28987pt
* \textheight=244.6939pt
* \oddsidemargin=-43.81725pt
* \evensidemargin=-43.81725pt
* \topmargin=-72.26999pt
* \headheight=14.22636pt
* \headsep=0.0pt
* \topskip=11.0pt
* \footskip=14.22636pt
* \marginparwidth=4.0pt
* \marginparsep=10.0pt
* \columnsep=10.0pt
* \skip\footins=10.0pt plus 4.0pt minus 2.0pt
* \hoffset=0.0pt
* \voffset=0.0pt
* \mag=1000
* \@twocolumnfalse
* \@twosidefalse
* \@mparswitchfalse
* \@reversemarginfalse
* (1in=72.27pt=25.4mm, 1cm=28.453pt)

ABD: EveryShipout initializing macros
\AtBeginShipoutBox=\box102
Package hyperref Info: Link coloring ON on input line 119.

(/usr/local/texlive/2018/texmf-dist/tex/latex/hyperref/nameref.sty
Package: nameref 2016/05/21 v2.44 Cross-referencing by name of section

(/usr/local/texlive/2018/texmf-dist/tex/generic/oberdiek/gettitlestring.sty
Package: gettitlestring 2016/05/16 v1.5 Cleanup title references (HO)
)
\c@section@level=\count482
)
LaTeX Info: Redefining \ref on input line 119.
LaTeX Info: Redefining \pageref on input line 119.
LaTeX Info: Redefining \nameref on input line 119.

(./Untitled.out) (./Untitled.out)
\@outlinefile=\write7
\openout7 = `Untitled.out'.

\symnumbers=\mathgroup11
LaTeX Font Info:    Redeclaring symbol font `pureletters' on input line 119.
LaTeX Font Info:    Encoding `OT1' has changed to `TU' for symbol font
(Font)              `pureletters' in the math version `normal' on input line 11
9.
LaTeX Font Info:    Overwriting symbol font `pureletters' in version `normal'
(Font)                  OT1/mathkerncmss/m/sl --> TU/NotoSans-Regular(1)/m/it o
n input line 119.
LaTeX Font Info:    Encoding `OT1' has changed to `TU' for symbol font
(Font)              `pureletters' in the math version `bold' on input line 119.

LaTeX Font Info:    Overwriting symbol font `pureletters' in version `bold'
(Font)                  OT1/mathkerncmss/bx/sl --> TU/NotoSans-Regular(1)/m/it 
on input line 119.
LaTeX Font Info:    Overwriting math alphabet `\mathrm' in version `normal'
(Font)                  TU/NotoSans-Regular(2)/m/n --> TU/NotoSans-Regular(1)/m
/n on input line 119.
LaTeX Font Info:    Redeclaring math alphabet \mathbf on input line 119.
LaTeX Font Info:    Redeclaring math alphabet \mathsf on input line 119.
LaTeX Font Info:    Overwriting math alphabet `\mathsf' in version `normal'
(Font)                  TU/NotoSans-Regular(2)/m/n --> TU/NotoSans-Regular(1)/m
/n on input line 119.
LaTeX Font Info:    Overwriting math alphabet `\mathsf' in version `bold'
(Font)                  TU/NotoSans-Regular(2)/bx/n --> TU/NotoSans-Regular(1)/
m/n on input line 119.
LaTeX Font Info:    Redeclaring math alphabet \mathit on input line 119.
LaTeX Font Info:    Overwriting math alphabet `\mathit' in version `normal'
(Font)                  TU/NotoSans-Regular(2)/m/it --> TU/NotoSans-Regular(1)/
m/it on input line 119.
LaTeX Font Info:    Overwriting math alphabet `\mathit' in version `bold'
(Font)                  OT1/cmr/bx/it --> TU/NotoSans-Regular(1)/m/it on input 
line 119.
LaTeX Font Info:    Redeclaring math alphabet \mathtt on input line 119.
LaTeX Font Info:    Overwriting math alphabet `\mathtt' in version `normal'
(Font)                  TU/Inconsolata(2)/m/n --> TU/Inconsolata(1)/m/n on inpu
t line 119.
LaTeX Font Info:    Overwriting math alphabet `\mathtt' in version `bold'
(Font)                  TU/Inconsolata(2)/bx/n --> TU/Inconsolata(1)/m/n on inp
ut line 119.
LaTeX Font Info:    Overwriting symbol font `numbers' in version `bold'
(Font)                  TU/NotoSans-Regular(1)/m/n --> TU/NotoSans-Regular(1)/b
x/n on input line 119.
LaTeX Font Info:    Overwriting symbol font `pureletters' in version `bold'
(Font)                  TU/NotoSans-Regular(1)/m/it --> TU/NotoSans-Regular(1)/
bx/it on input line 119.
LaTeX Font Info:    Overwriting math alphabet `\mathrm' in version `bold'
(Font)                  OT1/cmr/bx/n --> TU/NotoSans-Regular(1)/bx/n on input l
ine 119.
LaTeX Font Info:    Overwriting math alphabet `\mathbf' in version `bold'
(Font)                  TU/NotoSans-Regular(1)/bx/n --> TU/NotoSans-Regular(1)/
bx/n on input line 119.
LaTeX Font Info:    Overwriting math alphabet `\mathsf' in version `bold'
(Font)                  TU/NotoSans-Regular(1)/m/n --> TU/NotoSans-Regular(1)/b
x/n on input line 119.
LaTeX Font Info:    Overwriting math alphabet `\mathit' in version `bold'
(Font)                  TU/NotoSans-Regular(1)/m/it --> TU/NotoSans-Regular(1)/
bx/it on input line 119.
LaTeX Font Info:    Overwriting math alphabet `\mathtt' in version `bold'
(Font)                  TU/Inconsolata(1)/m/n --> TU/Inconsolata(1)/bx/n on inp
ut line 119.
LaTeX Font Info:    Redeclaring symbol font `boldpureletters' on input line 119
.
LaTeX Font Info:    Encoding `OT1' has changed to `TU' for symbol font
(Font)              `boldpureletters' in the math version `normal' on input lin
e 119.
LaTeX Font Info:    Overwriting symbol font `boldpureletters' in version `norma
l'
(Font)                  OT1/mathkerncmss/bx/sl --> TU/NotoSans-Regular(1)/bx/it
 on input line 119.
LaTeX Font Info:    Encoding `OT1' has changed to `TU' for symbol font
(Font)              `boldpureletters' in the math version `bold' on input line 
119.
LaTeX Font Info:    Overwriting symbol font `boldpureletters' in version `bold'

(Font)                  OT1/mathkerncmss/bx/sl --> TU/NotoSans-Regular(1)/bx/it
 on input line 119.

(/usr/local/texlive/2018/texmf-dist/tex/latex/translator/translator-basic-dicti
onary-English.dict
Dictionary: translator-basic-dictionary, Language: English 
)
(/usr/local/texlive/2018/texmf-dist/tex/latex/translator/translator-bibliograph
y-dictionary-English.dict
Dictionary: translator-bibliography-dictionary, Language: English 
)
(/usr/local/texlive/2018/texmf-dist/tex/latex/translator/translator-environment
-dictionary-English.dict
Dictionary: translator-environment-dictionary, Language: English 
)
(/usr/local/texlive/2018/texmf-dist/tex/latex/translator/translator-months-dict
ionary-English.dict
Dictionary: translator-months-dictionary, Language: English 
)
(/usr/local/texlive/2018/texmf-dist/tex/latex/translator/translator-numbers-dic
tionary-English.dict
Dictionary: translator-numbers-dictionary, Language: English 
)
(/usr/local/texlive/2018/texmf-dist/tex/latex/translator/translator-theorem-dic
tionary-English.dict
Dictionary: translator-theorem-dictionary, Language: English 
)
.................................................
. fontspec info: "defining-font"
. 
. Font family 'latinmodern-math.otf(0)' created for font
. 'latinmodern-math.otf' with options
. [BoldItalicFont={},ItalicFont={},Script=Math,BoldFont={latinmodern-math.otf}]
.
.  
.  This font family consists of the following NFSS series/shapes:
.  
. - 'normal' (m/n) with NFSS spec.:
. <->"[latinmodern-math.otf]/OT:script=math;language=DFLT;"
. - 'small caps'  (m/sc) with NFSS spec.: 
. - 'bold' (bx/n) with NFSS spec.:
. <->"[latinmodern-math.otf]/OT:script=math;language=DFLT;"
. - 'bold small caps'  (bx/sc) with NFSS spec.: 
.................................................
.................................................
. fontspec info: "defining-font"
. 
. Font family 'latinmodern-math.otf(1)' created for font
. 'latinmodern-math.otf' with options
. [BoldItalicFont={},ItalicFont={},Script=Math,SizeFeatures={{Size=9.475-},{Siz
e=7-9.475,Font=latinmodern-math.otf,Style=MathScript},{Size=-7,Font=latinmodern
-math.otf,Style=MathScriptScript}},BoldFont={latinmodern-math.otf}].
.  
.  This font family consists of the following NFSS series/shapes:
.  
. - 'normal' (m/n) with NFSS spec.:
. <9.475->"[latinmodern-math.otf]/OT:script=math;language=DFLT;"<7-9.475>"[lati
nmodern-math.otf]/OT:script=math;language=DFLT;+ssty=0;"<-7>"[latinmodern-math.
otf]/OT:script=math;language=DFLT;+ssty=1;"
. - 'small caps'  (m/sc) with NFSS spec.: 
. - 'bold' (bx/n) with NFSS spec.:
. <->"[latinmodern-math.otf]/OT:script=math;language=DFLT;"
. - 'bold small caps'  (bx/sc) with NFSS spec.: 
.................................................
LaTeX Font Info:    Encoding `OT1' has changed to `TU' for symbol font
(Font)              `operators' in the math version `normal' on input line 119.

LaTeX Font Info:    Overwriting symbol font `operators' in version `normal'
(Font)                  OT1/cmr/m/n --> TU/latinmodern-math.otf(1)/m/n on input
 line 119.
LaTeX Font Info:    Encoding `OT1' has changed to `TU' for symbol font
(Font)              `operators' in the math version `bold' on input line 119.
LaTeX Font Info:    Overwriting symbol font `operators' in version `bold'
(Font)                  OT1/cmr/bx/n --> TU/latinmodern-math.otf(1)/bx/n on inp
ut line 119.
.................................................
. fontspec info: "defining-font"
. 
. Font family 'latinmodern-math.otf(2)' created for font
. 'latinmodern-math.otf' with options
. [BoldItalicFont={},ItalicFont={},Script=Math,SizeFeatures={{Size=9.475-},{Siz
e=7-9.475,Font=latinmodern-math.otf,Style=MathScript},{Size=-7,Font=latinmodern
-math.otf,Style=MathScriptScript}},BoldFont={latinmodern-math.otf},Scale=1.0000
1,FontAdjustment={\fontdimen
. 8\font =7.41315pt\relax \fontdimen 9\font =4.3143pt\relax \fontdimen 10\font
. =4.8618pt\relax \fontdimen 11\font =7.5117pt\relax \fontdimen 12\font
. =3.77776pt\relax \fontdimen 13\font =3.97485pt\relax \fontdimen 14\font
. =3.97485pt\relax \fontdimen 15\font =3.16455pt\relax \fontdimen 16\font
. =2.70465pt\relax \fontdimen 17\font =2.70465pt\relax \fontdimen 18\font
. =2.7375pt\relax \fontdimen 19\font =2.19pt\relax \fontdimen 22\font
. =2.7375pt\relax \fontdimen 20\font =0pt\relax \fontdimen 21\font =0pt\relax
. }].
.  
.  This font family consists of the following NFSS series/shapes:
.  
. - 'normal' (m/n) with NFSS spec.:
. <9.475->s*[1.00001]"[latinmodern-math.otf]/OT:script=math;language=DFLT;"<7-9
.475>s*[1.00001]"[latinmodern-math.otf]/OT:script=math;language=DFLT;+ssty=0;"<
-7>s*[1.00001]"[latinmodern-math.otf]/OT:script=math;language=DFLT;+ssty=1;"
. - 'small caps'  (m/sc) with NFSS spec.: 
. and font adjustment code:
. \fontdimen 8\font =7.41315pt\relax \fontdimen 9\font =4.3143pt\relax
. \fontdimen 10\font =4.8618pt\relax \fontdimen 11\font =7.5117pt\relax
. \fontdimen 12\font =3.77776pt\relax \fontdimen 13\font =3.97485pt\relax
. \fontdimen 14\font =3.97485pt\relax \fontdimen 15\font =3.16455pt\relax
. \fontdimen 16\font =2.70465pt\relax \fontdimen 17\font =2.70465pt\relax
. \fontdimen 18\font =2.7375pt\relax \fontdimen 19\font =2.19pt\relax
. \fontdimen 22\font =2.7375pt\relax \fontdimen 20\font =0pt\relax \fontdimen
. 21\font =0pt\relax 
. - 'bold' (bx/n) with NFSS spec.:
. <->s*[1.00001]"[latinmodern-math.otf]/OT:script=math;language=DFLT;"
. - 'bold small caps'  (bx/sc) with NFSS spec.: 
. and font adjustment code:
. \fontdimen 8\font =7.41315pt\relax \fontdimen 9\font =4.3143pt\relax
. \fontdimen 10\font =4.8618pt\relax \fontdimen 11\font =7.5117pt\relax
. \fontdimen 12\font =3.77776pt\relax \fontdimen 13\font =3.97485pt\relax
. \fontdimen 14\font =3.97485pt\relax \fontdimen 15\font =3.16455pt\relax
. \fontdimen 16\font =2.70465pt\relax \fontdimen 17\font =2.70465pt\relax
. \fontdimen 18\font =2.7375pt\relax \fontdimen 19\font =2.19pt\relax
. \fontdimen 22\font =2.7375pt\relax \fontdimen 20\font =0pt\relax \fontdimen
. 21\font =0pt\relax 
.................................................
LaTeX Font Info:    Encoding `OMS' has changed to `TU' for symbol font
(Font)              `symbols' in the math version `normal' on input line 119.
LaTeX Font Info:    Overwriting symbol font `symbols' in version `normal'
(Font)                  OMS/cmsy/m/n --> TU/latinmodern-math.otf(2)/m/n on inpu
t line 119.
LaTeX Font Info:    Encoding `OMS' has changed to `TU' for symbol font
(Font)              `symbols' in the math version `bold' on input line 119.
LaTeX Font Info:    Overwriting symbol font `symbols' in version `bold'
(Font)                  OMS/cmsy/b/n --> TU/latinmodern-math.otf(2)/bx/n on inp
ut line 119.
.................................................
. fontspec info: "defining-font"
. 
. Font family 'latinmodern-math.otf(3)' created for font
. 'latinmodern-math.otf' with options
. [BoldItalicFont={},ItalicFont={},Script=Math,SizeFeatures={{Size=9.475-},{Siz
e=7-9.475,Font=latinmodern-math.otf,Style=MathScript},{Size=-7,Font=latinmodern
-math.otf,Style=MathScriptScript}},BoldFont={latinmodern-math.otf},Scale=0.9999
9,FontAdjustment={\fontdimen
. 8\font =0.438pt\relax \fontdimen 9\font =2.19pt\relax \fontdimen 10\font
. =1.82864pt\relax \fontdimen 11\font =1.21545pt\relax \fontdimen 12\font
. =6.56999pt\relax \fontdimen 13\font =0pt\relax }].
.  
.  This font family consists of the following NFSS series/shapes:
.  
. - 'normal' (m/n) with NFSS spec.:
. <9.475->s*[0.99999]"[latinmodern-math.otf]/OT:script=math;language=DFLT;"<7-9
.475>s*[0.99999]"[latinmodern-math.otf]/OT:script=math;language=DFLT;+ssty=0;"<
-7>s*[0.99999]"[latinmodern-math.otf]/OT:script=math;language=DFLT;+ssty=1;"
. - 'small caps'  (m/sc) with NFSS spec.: 
. and font adjustment code:
. \fontdimen 8\font =0.438pt\relax \fontdimen 9\font =2.19pt\relax \fontdimen
. 10\font =1.82864pt\relax \fontdimen 11\font =1.21545pt\relax \fontdimen
. 12\font =6.56999pt\relax \fontdimen 13\font =0pt\relax 
. - 'bold' (bx/n) with NFSS spec.:
. <->s*[0.99999]"[latinmodern-math.otf]/OT:script=math;language=DFLT;"
. - 'bold small caps'  (bx/sc) with NFSS spec.: 
. and font adjustment code:
. \fontdimen 8\font =0.438pt\relax \fontdimen 9\font =2.19pt\relax \fontdimen
. 10\font =1.82864pt\relax \fontdimen 11\font =1.21545pt\relax \fontdimen
. 12\font =6.56999pt\relax \fontdimen 13\font =0pt\relax 
.................................................
LaTeX Font Info:    Encoding `OMX' has changed to `TU' for symbol font
(Font)              `largesymbols' in the math version `normal' on input line 1
19.
LaTeX Font Info:    Overwriting symbol font `largesymbols' in version `normal'
(Font)                  OMX/cmex/m/n --> TU/latinmodern-math.otf(3)/m/n on inpu
t line 119.
LaTeX Font Info:    Encoding `OMX' has changed to `TU' for symbol font
(Font)              `largesymbols' in the math version `bold' on input line 119
.
LaTeX Font Info:    Overwriting symbol font `largesymbols' in version `bold'
(Font)                  OMX/cmex/m/n --> TU/latinmodern-math.otf(3)/bx/n on inp
ut line 119.
Package caption Info: Begin \AtBeginDocument code.
Package caption Info: End \AtBeginDocument code.
Package biblatex Info: XeTeX detected.
(biblatex)             Assuming input encoding 'utf8'.
Package biblatex Info: Automatic encoding selection.
(biblatex)             Assuming data encoding 'utf8'.
Package biblatex Info: Input encoding 'utf8' specified.
Package biblatex Info: Data encoding 'utf8' specified.
(biblatex)             No need to reencode data.
\openout6 = `Untitled-blx.bib'.

Package biblatex Info: Trying to load bibliographic data...
Package biblatex Info: ... file 'Untitled.bbl' found.
 (./Untitled.bbl)
Package biblatex Info: Reference section=0 on input line 119.
Package biblatex Info: Reference segment=0 on input line 119.
 (./Untitled.nav) [0

] [1

]

Package biblatex Warning: '\mkdatezeros' is deprecated.
(biblatex)                Please use '\mkyearzeros', '\mkmonthzeros' or
(biblatex)                '\mkdayzeros' as appropriate. 
(biblatex)                Falling back to '\mkmonthzeros'.

[2

]
LaTeX Font Info:    Font shape `TU/latinmodern-math.otf(2)/m/n' will be
(Font)              scaled to size 8.00012pt on input line 161.
LaTeX Font Info:    Font shape `TU/latinmodern-math.otf(2)/m/n' will be
(Font)              scaled to size 6.00009pt on input line 161.
LaTeX Font Info:    Font shape `TU/latinmodern-math.otf(2)/m/n' will be
(Font)              scaled to size 5.00008pt on input line 161.
LaTeX Font Info:    Font shape `TU/latinmodern-math.otf(3)/m/n' will be
(Font)              scaled to size 7.99988pt on input line 161.
LaTeX Font Info:    Font shape `TU/latinmodern-math.otf(3)/m/n' will be
(Font)              scaled to size 5.99991pt on input line 161.
LaTeX Font Info:    Font shape `TU/latinmodern-math.otf(3)/m/n' will be
(Font)              scaled to size 4.99992pt on input line 161.
LaTeX Font Info:    Try loading font information for U+msa on input line 161.
 (/usr/local/texlive/2018/texmf-dist/tex/latex/amsfonts/umsa.fd
File: umsa.fd 2013/01/14 v3.01 AMS symbols A
)
LaTeX Font Info:    Try loading font information for U+msb on input line 161.

(/usr/local/texlive/2018/texmf-dist/tex/latex/amsfonts/umsb.fd
File: umsb.fd 2013/01/14 v3.01 AMS symbols B
) [2

]
\tf@nav=\write8
\openout8 = `Untitled.nav'.

\tf@toc=\write9
\openout9 = `Untitled.toc'.

\tf@snm=\write10
\openout10 = `Untitled.snm'.

Package atveryend Info: Empty hook `BeforeClearDocument' on input line 166.
Package atveryend Info: Empty hook `AfterLastShipout' on input line 166.

(./Untitled.aux)
Package atveryend Info: Empty hook `AtVeryEndDocument' on input line 166.
Package atveryend Info: Executing hook `AtEndAfterFileList' on input line 166.
Package rerunfilecheck Info: File `Untitled.out' has not changed.
(rerunfilecheck)             Checksum: D41D8CD98F00B204E9800998ECF8427E.
Package logreq Info: Writing requests to 'Untitled.run.xml'.
\openout1 = `Untitled.run.xml'.

 ) 
Here is how much of TeX's memory you used:
 48768 strings out of 492970
 973157 string characters out of 6133938
 1462160 words of memory out of 5000000
 52032 multiletter control sequences out of 15000+600000
 538370 words of font info for 83 fonts, out of 8000000 for 9000
 1348 hyphenation exceptions out of 8191
 65i,15n,100p,775b,5302s stack positions out of 5000i,500n,10000p,200000b,80000s

Output written on Untitled.pdf (4 pages).
